This file contains any messages produced by compilers while
running configure, to aid debugging if configure makes a mistake.

It was created by libffi configure 3.4.4, which was
generated by GNU Autoconf 2.71.  Invocation command line was

  $ .././configure --srcdir=.. --enable-builddir=x86_64-unknown-linux-gnu --with-pic --disable-shared --disable-docs --prefix /mnt/beegfs/home/usaclsc0052/mzWork/Conc-Work/Homework-4/target/debug/build/libffi-sys-68e50c69dc900e67/out/libffi-root

## --------- ##
## Platform. ##
## --------- ##

hostname = dmcvlogin2
uname -m = x86_64
uname -r = 3.10.0-1160.71.1.el7.x86_64
uname -s = Linux
uname -v = #1 SMP Tue Jun 28 15:37:28 UTC 2022

/usr/bin/uname -p = x86_64
/bin/uname -X     = unknown

/bin/arch              = x86_64
/usr/bin/arch -k       = unknown
/usr/convex/getsysinfo = unknown
/usr/bin/hostinfo      = unknown
/bin/machine           = unknown
/usr/bin/oslevel       = unknown
/bin/universe          = unknown

PATH: /home/usaclsc0052/.cargo/bin/
PATH: /opt/asn/apps/lua_5.3.4/bin/
PATH: /usr/lib64/qt-3.3/bin/
PATH: /usr/local/bin/
PATH: /usr/bin/
PATH: /usr/local/sbin/
PATH: /usr/sbin/
PATH: /opt/asn/bin/
PATH: /apps/scripts/
PATH: /opt/asn/apps/swami/bin/
PATH: ./
PATH: ./


## ----------- ##
## Core tests. ##
## ----------- ##

configure:3073: looking for aux files: ltmain.sh compile missing install-sh config.guess config.sub
configure:3086:  trying ../
configure:3115:   ../ltmain.sh found
configure:3115:   ../compile found
configure:3115:   ../missing found
configure:3097:   ../install-sh found
configure:3115:   ../config.guess found
configure:3115:   ../config.sub found
configure:3236: checking build system type
configure:3251: result: x86_64-pc-linux-gnu
configure:3271: checking host system type
configure:3285: result: x86_64-pc-linux-gnu
configure:3305: checking target system type
configure:3319: result: x86_64-pc-linux-gnu
configure:3417: checking for gsed
configure:3453: result: sed
configure:3482: checking for a BSD-compatible install
configure:3555: result: /usr/bin/install -c
configure:3566: checking whether build environment is sane
configure:3621: result: yes
configure:3776: checking for a race-free mkdir -p
configure:3820: result: /usr/bin/mkdir -p
configure:3827: checking for gawk
configure:3848: found /usr/bin/gawk
configure:3859: result: gawk
configure:3870: checking whether make sets $(MAKE)
configure:3893: result: yes
configure:3923: checking whether make supports nested variables
configure:3941: result: yes
configure:4150: checking for gcc
configure:4182: result: cc
configure:4535: checking for C compiler version
configure:4544: cc --version >&5
cc (GCC) 4.8.5 20150623 (Red Hat 4.8.5-44)
Copyright (C) 2015 Free Software Foundation, Inc.
This is free software; see the source for copying conditions.  There is NO
warranty; not even for MERCHANTABILITY or FITNESS FOR A PARTICULAR PURPOSE.

configure:4555: $? = 0
configure:4544: cc -v >&5
Using built-in specs.
COLLECT_GCC=cc
COLLECT_LTO_WRAPPER=/usr/libexec/gcc/x86_64-redhat-linux/4.8.5/lto-wrapper
Target: x86_64-redhat-linux
Configured with: ../configure --prefix=/usr --mandir=/usr/share/man --infodir=/usr/share/info --with-bugurl=http://bugzilla.redhat.com/bugzilla --enable-bootstrap --enable-shared --enable-threads=posix --enable-checking=release --with-system-zlib --enable-__cxa_atexit --disable-libunwind-exceptions --enable-gnu-unique-object --enable-linker-build-id --with-linker-hash-style=gnu --enable-languages=c,c++,objc,obj-c++,java,fortran,ada,go,lto --enable-plugin --enable-initfini-array --disable-libgcj --with-isl=/builddir/build/BUILD/gcc-4.8.5-20150702/obj-x86_64-redhat-linux/isl-install --with-cloog=/builddir/build/BUILD/gcc-4.8.5-20150702/obj-x86_64-redhat-linux/cloog-install --enable-gnu-indirect-function --with-tune=generic --with-arch_32=x86-64 --build=x86_64-redhat-linux
Thread model: posix
gcc version 4.8.5 20150623 (Red Hat 4.8.5-44) (GCC) 
configure:4555: $? = 0
configure:4544: cc -V >&5
cc: error: unrecognized command line option '-V'
cc: fatal error: no input files
compilation terminated.
configure:4555: $? = 4
configure:4544: cc -qversion >&5
cc: error: unrecognized command line option '-qversion'
cc: fatal error: no input files
compilation terminated.
configure:4555: $? = 4
configure:4544: cc -version >&5
cc: error: unrecognized command line option '-version'
cc: fatal error: no input files
compilation terminated.
configure:4555: $? = 4
configure:4575: checking whether the C compiler works
configure:4597: cc -O0 -ffunction-sections -fdata-sections -fPIC -gdwarf-4 -fno-omit-frame-pointer -m64 -Wno-implicit-function-declaration   conftest.c  >&5
configure:4601: $? = 0
configure:4651: result: yes
configure:4654: checking for C compiler default output file name
configure:4656: result: a.out
configure:4662: checking for suffix of executables
configure:4669: cc -o conftest -O0 -ffunction-sections -fdata-sections -fPIC -gdwarf-4 -fno-omit-frame-pointer -m64 -Wno-implicit-function-declaration   conftest.c  >&5
configure:4673: $? = 0
configure:4696: result: 
configure:4718: checking whether we are cross compiling
configure:4726: cc -o conftest -O0 -ffunction-sections -fdata-sections -fPIC -gdwarf-4 -fno-omit-frame-pointer -m64 -Wno-implicit-function-declaration   conftest.c  >&5
configure:4730: $? = 0
configure:4737: ./conftest
configure:4741: $? = 0
configure:4756: result: no
configure:4761: checking for suffix of object files
configure:4784: cc -c -O0 -ffunction-sections -fdata-sections -fPIC -gdwarf-4 -fno-omit-frame-pointer -m64 -Wno-implicit-function-declaration  conftest.c >&5
configure:4788: $? = 0
configure:4810: result: o
configure:4814: checking whether the compiler supports GNU C
configure:4834: cc -c -O0 -ffunction-sections -fdata-sections -fPIC -gdwarf-4 -fno-omit-frame-pointer -m64 -Wno-implicit-function-declaration  conftest.c >&5
configure:4834: $? = 0
configure:4844: result: yes
configure:4855: checking whether cc accepts -g
configure:4876: cc -c -g  conftest.c >&5
configure:4876: $? = 0
configure:4920: result: yes
configure:4940: checking for cc option to enable C11 features
configure:4955: cc  -c -O0 -ffunction-sections -fdata-sections -fPIC -gdwarf-4 -fno-omit-frame-pointer -m64 -Wno-implicit-function-declaration  conftest.c >&5
conftest.c:63:3: error: #error "Compiler does not advertise C99 conformance"
 # error "Compiler does not advertise C99 conformance"
   ^
conftest.c:118:29: error: expected ';', ',' or ')' before 'text'
 test_restrict (ccp restrict text)
                             ^
conftest.c:167:3: error: #error "Compiler does not advertise C11 conformance"
 # error "Compiler does not advertise C11 conformance"
   ^
conftest.c:198:12: error: 'syntax' undeclared here (not in a function)
 #define u8 syntax error!
            ^
conftest.c:199:29: note: in expansion of macro 'u8'
 char const utf8_literal[] = u8"happens to be ASCII" "another string";
                             ^
conftest.c:198:19: error: expected ',' or ';' before 'error'
 #define u8 syntax error!
                   ^
conftest.c:199:29: note: in expansion of macro 'u8'
 char const utf8_literal[] = u8"happens to be ASCII" "another string";
                             ^
conftest.c: In function 'main':
conftest.c:232:18: error: expected '=', ',', ';', 'asm' or '__attribute__' before 'newvar'
   char *restrict newvar = "Another string";
                  ^
conftest.c:232:18: error: 'newvar' undeclared (first use in this function)
conftest.c:232:18: note: each undeclared identifier is reported only once for each function it appears in
conftest.c:242:3: error: 'for' loop initial declarations are only allowed in C99 mode
   for (int i = 0; i < ia->datasize; ++i)
   ^
conftest.c:242:3: note: use option -std=c99 or -std=gnu99 to compile your code
configure:4955: $? = 1
configure: failed program was:
| /* confdefs.h */
| #define PACKAGE_NAME "libffi"
| #define PACKAGE_TARNAME "libffi"
| #define PACKAGE_VERSION "3.4.4"
| #define PACKAGE_STRING "libffi 3.4.4"
| #define PACKAGE_BUGREPORT "http://github.com/libffi/libffi/issues"
| #define PACKAGE_URL ""
| #define PACKAGE "libffi"
| #define VERSION "3.4.4"
| /* end confdefs.h.  */
| 
| /* Does the compiler advertise C89 conformance?
|    Do not test the value of __STDC__, because some compilers set it to 0
|    while being otherwise adequately conformant. */
| #if !defined __STDC__
| # error "Compiler does not advertise C89 conformance"
| #endif
| 
| #include <stddef.h>
| #include <stdarg.h>
| struct stat;
| /* Most of the following tests are stolen from RCS 5.7 src/conf.sh.  */
| struct buf { int x; };
| struct buf * (*rcsopen) (struct buf *, struct stat *, int);
| static char *e (p, i)
|      char **p;
|      int i;
| {
|   return p[i];
| }
| static char *f (char * (*g) (char **, int), char **p, ...)
| {
|   char *s;
|   va_list v;
|   va_start (v,p);
|   s = g (p, va_arg (v,int));
|   va_end (v);
|   return s;
| }
| 
| /* OSF 4.0 Compaq cc is some sort of almost-ANSI by default.  It has
|    function prototypes and stuff, but not \xHH hex character constants.
|    These do not provoke an error unfortunately, instead are silently treated
|    as an "x".  The following induces an error, until -std is added to get
|    proper ANSI mode.  Curiously \x00 != x always comes out true, for an
|    array size at least.  It is necessary to write \x00 == 0 to get something
|    that is true only with -std.  */
| int osf4_cc_array ['\x00' == 0 ? 1 : -1];
| 
| /* IBM C 6 for AIX is almost-ANSI by default, but it replaces macro parameters
|    inside strings and character constants.  */
| #define FOO(x) 'x'
| int xlc6_cc_array[FOO(a) == 'x' ? 1 : -1];
| 
| int test (int i, double x);
| struct s1 {int (*f) (int a);};
| struct s2 {int (*f) (double a);};
| int pairnames (int, char **, int *(*)(struct buf *, struct stat *, int),
|                int, int);
| 
| // Does the compiler advertise C99 conformance?
| #if !defined __STDC_VERSION__ || __STDC_VERSION__ < 199901L
| # error "Compiler does not advertise C99 conformance"
| #endif
| 
| #include <stdbool.h>
| extern int puts (const char *);
| extern int printf (const char *, ...);
| extern int dprintf (int, const char *, ...);
| extern void *malloc (size_t);
| 
| // Check varargs macros.  These examples are taken from C99 6.10.3.5.
| // dprintf is used instead of fprintf to avoid needing to declare
| // FILE and stderr.
| #define debug(...) dprintf (2, __VA_ARGS__)
| #define showlist(...) puts (#__VA_ARGS__)
| #define report(test,...) ((test) ? puts (#test) : printf (__VA_ARGS__))
| static void
| test_varargs_macros (void)
| {
|   int x = 1234;
|   int y = 5678;
|   debug ("Flag");
|   debug ("X = %d\n", x);
|   showlist (The first, second, and third items.);
|   report (x>y, "x is %d but y is %d", x, y);
| }
| 
| // Check long long types.
| #define BIG64 18446744073709551615ull
| #define BIG32 4294967295ul
| #define BIG_OK (BIG64 / BIG32 == 4294967297ull && BIG64 % BIG32 == 0)
| #if !BIG_OK
|   #error "your preprocessor is broken"
| #endif
| #if BIG_OK
| #else
|   #error "your preprocessor is broken"
| #endif
| static long long int bignum = -9223372036854775807LL;
| static unsigned long long int ubignum = BIG64;
| 
| struct incomplete_array
| {
|   int datasize;
|   double data[];
| };
| 
| struct named_init {
|   int number;
|   const wchar_t *name;
|   double average;
| };
| 
| typedef const char *ccp;
| 
| static inline int
| test_restrict (ccp restrict text)
| {
|   // See if C++-style comments work.
|   // Iterate through items via the restricted pointer.
|   // Also check for declarations in for loops.
|   for (unsigned int i = 0; *(text+i) != '\0'; ++i)
|     continue;
|   return 0;
| }
| 
| // Check varargs and va_copy.
| static bool
| test_varargs (const char *format, ...)
| {
|   va_list args;
|   va_start (args, format);
|   va_list args_copy;
|   va_copy (args_copy, args);
| 
|   const char *str = "";
|   int number = 0;
|   float fnumber = 0;
| 
|   while (*format)
|     {
|       switch (*format++)
| 	{
| 	case 's': // string
| 	  str = va_arg (args_copy, const char *);
| 	  break;
| 	case 'd': // int
| 	  number = va_arg (args_copy, int);
| 	  break;
| 	case 'f': // float
| 	  fnumber = va_arg (args_copy, double);
| 	  break;
| 	default:
| 	  break;
| 	}
|     }
|   va_end (args_copy);
|   va_end (args);
| 
|   return *str && number && fnumber;
| }
| 
| 
| // Does the compiler advertise C11 conformance?
| #if !defined __STDC_VERSION__ || __STDC_VERSION__ < 201112L
| # error "Compiler does not advertise C11 conformance"
| #endif
| 
| // Check _Alignas.
| char _Alignas (double) aligned_as_double;
| char _Alignas (0) no_special_alignment;
| extern char aligned_as_int;
| char _Alignas (0) _Alignas (int) aligned_as_int;
| 
| // Check _Alignof.
| enum
| {
|   int_alignment = _Alignof (int),
|   int_array_alignment = _Alignof (int[100]),
|   char_alignment = _Alignof (char)
| };
| _Static_assert (0 < -_Alignof (int), "_Alignof is signed");
| 
| // Check _Noreturn.
| int _Noreturn does_not_return (void) { for (;;) continue; }
| 
| // Check _Static_assert.
| struct test_static_assert
| {
|   int x;
|   _Static_assert (sizeof (int) <= sizeof (long int),
|                   "_Static_assert does not work in struct");
|   long int y;
| };
| 
| // Check UTF-8 literals.
| #define u8 syntax error!
| char const utf8_literal[] = u8"happens to be ASCII" "another string";
| 
| // Check duplicate typedefs.
| typedef long *long_ptr;
| typedef long int *long_ptr;
| typedef long_ptr long_ptr;
| 
| // Anonymous structures and unions -- taken from C11 6.7.2.1 Example 1.
| struct anonymous
| {
|   union {
|     struct { int i; int j; };
|     struct { int k; long int l; } w;
|   };
|   int m;
| } v1;
| 
| 
| int
| main (int argc, char **argv)
| {
|   int ok = 0;
|   
| ok |= (argc == 0 || f (e, argv, 0) != argv[0] || f (e, argv, 1) != argv[1]);
| 
|   
|   // Check bool.
|   _Bool success = false;
|   success |= (argc != 0);
| 
|   // Check restrict.
|   if (test_restrict ("String literal") == 0)
|     success = true;
|   char *restrict newvar = "Another string";
| 
|   // Check varargs.
|   success &= test_varargs ("s, d' f .", "string", 65, 34.234);
|   test_varargs_macros ();
| 
|   // Check flexible array members.
|   struct incomplete_array *ia =
|     malloc (sizeof (struct incomplete_array) + (sizeof (double) * 10));
|   ia->datasize = 10;
|   for (int i = 0; i < ia->datasize; ++i)
|     ia->data[i] = i * 1.234;
| 
|   // Check named initializers.
|   struct named_init ni = {
|     .number = 34,
|     .name = L"Test wide string",
|     .average = 543.34343,
|   };
| 
|   ni.number = 58;
| 
|   int dynamic_array[ni.number];
|   dynamic_array[0] = argv[0][0];
|   dynamic_array[ni.number - 1] = 543;
| 
|   // work around unused variable warnings
|   ok |= (!success || bignum == 0LL || ubignum == 0uLL || newvar[0] == 'x'
| 	 || dynamic_array[ni.number - 1] != 543);
| 
|   
|   _Static_assert ((offsetof (struct anonymous, i)
| 		   == offsetof (struct anonymous, w.k)),
| 		  "Anonymous union alignment botch");
|   v1.i = 2;
|   v1.w.k = 5;
|   ok |= v1.i != 5;
| 
|   return ok;
| }
| 
configure:4955: cc -std=gnu11 -c -O0 -ffunction-sections -fdata-sections -fPIC -gdwarf-4 -fno-omit-frame-pointer -m64 -Wno-implicit-function-declaration  conftest.c >&5
configure:4955: $? = 0
configure:4976: result: -std=gnu11
configure:5089: checking whether cc -std=gnu11 understands -c and -o together
configure:5112: cc -std=gnu11 -c conftest.c -o conftest2.o
configure:5115: $? = 0
configure:5112: cc -std=gnu11 -c conftest.c -o conftest2.o
configure:5115: $? = 0
configure:5127: result: yes
configure:5147: checking whether make supports the include directive
configure:5162: make -f confmf.GNU && cat confinc.out
this is the am__doit target
configure:5165: $? = 0
configure:5184: result: yes (GNU style)
configure:5210: checking dependency style of cc -std=gnu11
configure:5322: result: gcc3
configure:5406: checking for g++
configure:5427: found /usr/bin/g++
configure:5438: result: g++
configure:5465: checking for C++ compiler version
configure:5474: g++ --version >&5
g++ (GCC) 4.8.5 20150623 (Red Hat 4.8.5-44)
Copyright (C) 2015 Free Software Foundation, Inc.
This is free software; see the source for copying conditions.  There is NO
warranty; not even for MERCHANTABILITY or FITNESS FOR A PARTICULAR PURPOSE.

configure:5485: $? = 0
configure:5474: g++ -v >&5
Using built-in specs.
COLLECT_GCC=g++
COLLECT_LTO_WRAPPER=/usr/libexec/gcc/x86_64-redhat-linux/4.8.5/lto-wrapper
Target: x86_64-redhat-linux
Configured with: ../configure --prefix=/usr --mandir=/usr/share/man --infodir=/usr/share/info --with-bugurl=http://bugzilla.redhat.com/bugzilla --enable-bootstrap --enable-shared --enable-threads=posix --enable-checking=release --with-system-zlib --enable-__cxa_atexit --disable-libunwind-exceptions --enable-gnu-unique-object --enable-linker-build-id --with-linker-hash-style=gnu --enable-languages=c,c++,objc,obj-c++,java,fortran,ada,go,lto --enable-plugin --enable-initfini-array --disable-libgcj --with-isl=/builddir/build/BUILD/gcc-4.8.5-20150702/obj-x86_64-redhat-linux/isl-install --with-cloog=/builddir/build/BUILD/gcc-4.8.5-20150702/obj-x86_64-redhat-linux/cloog-install --enable-gnu-indirect-function --with-tune=generic --with-arch_32=x86-64 --build=x86_64-redhat-linux
Thread model: posix
gcc version 4.8.5 20150623 (Red Hat 4.8.5-44) (GCC) 
configure:5485: $? = 0
configure:5474: g++ -V >&5
g++: error: unrecognized command line option '-V'
g++: fatal error: no input files
compilation terminated.
configure:5485: $? = 4
configure:5474: g++ -qversion >&5
g++: error: unrecognized command line option '-qversion'
g++: fatal error: no input files
compilation terminated.
configure:5485: $? = 4
configure:5489: checking whether the compiler supports GNU C++
configure:5509: g++ -c   conftest.cpp >&5
configure:5509: $? = 0
configure:5519: result: yes
configure:5530: checking whether g++ accepts -g
configure:5551: g++ -c -g  conftest.cpp >&5
configure:5551: $? = 0
configure:5595: result: yes
configure:5615: checking for g++ option to enable C++11 features
configure:5630: g++  -c -g -O2  conftest.cpp >&5
conftest.cpp:57:3: error: #error "Compiler does not advertise C++11 conformance"
 # error "Compiler does not advertise C++11 conformance"
   ^
conftest.cpp:62:3: error: 'constexpr' does not name a type
   constexpr int get_val() { return 20; }
   ^
conftest.cpp:62:3: note: C++11 'constexpr' only available with -std=c++11 or -std=gnu++11
conftest.cpp: In constructor 'cxx11test::delegate::delegate()':
conftest.cpp:74:30: warning: delegating constructors only available with -std=c++11 or -std=gnu++11 [enabled by default]
     delegate(): delegate(2354) {}
                              ^
conftest.cpp: At global scope:
conftest.cpp:85:24: warning: override controls (override/final) only available with -std=c++11 or -std=gnu++11 [enabled by default]
     virtual int getval() override final { return this->n * 2; }
                        ^
conftest.cpp:85:26: warning: override controls (override/final) only available with -std=c++11 or -std=gnu++11 [enabled by default]
     virtual int getval() override final { return this->n * 2; }
                          ^
conftest.cpp:92:16: warning: defaulted and deleted functions only available with -std=c++11 or -std=gnu++11 [enabled by default]
     nocopy() = default;
                ^
conftest.cpp:93:29: warning: defaulted and deleted functions only available with -std=c++11 or -std=gnu++11 [enabled by default]
     nocopy(const nocopy&) = delete;
                             ^
conftest.cpp:94:41: warning: defaulted and deleted functions only available with -std=c++11 or -std=gnu++11 [enabled by default]
     nocopy & operator=(const nocopy&) = delete;
                                         ^
conftest.cpp:106:46: error: ISO C++ forbids declaration of 'sum' with no type [-fpermissive]
   template <typename V> auto sum(V first) -> V
                                              ^
conftest.cpp:106:46: error: top-level declaration of 'sum' specifies 'auto'
conftest.cpp:106:46: error: trailing return type only available with -std=c++11 or -std=gnu++11
conftest.cpp:110:33: warning: variadic templates only available with -std=c++11 or -std=gnu++11 [enabled by default]
   template <typename V, typename... Args> auto sum(V first, Args... rest) -> V
                                 ^
conftest.cpp:110:69: warning: variadic templates only available with -std=c++11 or -std=gnu++11 [enabled by default]
   template <typename V, typename... Args> auto sum(V first, Args... rest) -> V
                                                                     ^
conftest.cpp:110:78: error: ISO C++ forbids declaration of 'sum' with no type [-fpermissive]
   template <typename V, typename... Args> auto sum(V first, Args... rest) -> V
                                                                              ^
conftest.cpp:110:78: error: top-level declaration of 'sum' specifies 'auto'
conftest.cpp:110:78: error: trailing return type only available with -std=c++11 or -std=gnu++11
conftest.cpp: In function 'int main(int, char**)':
conftest.cpp:134:8: error: 'a1' does not name a type
   auto a1 = 6538;
        ^
conftest.cpp:135:8: error: 'a2' does not name a type
   auto a2 = 48573953.4;
        ^
conftest.cpp:136:8: error: 'a3' does not name a type
   auto a3 = "String literal";
        ^
conftest.cpp:139:13: error: 'i' does not name a type
   for (auto i = a3; *i; ++i) { total += *i; }
             ^
conftest.cpp:139:21: error: expected ';' before '*' token
   for (auto i = a3; *i; ++i) { total += *i; }
                     ^
conftest.cpp:139:22: error: 'i' was not declared in this scope
   for (auto i = a3; *i; ++i) { total += *i; }
                      ^
conftest.cpp:141:12: error: 'a2' was not declared in this scope
   decltype(a2) a4 = 34895.034;
            ^
conftest.cpp:141:14: error: 'decltype' was not declared in this scope
   decltype(a2) a4 = 34895.034;
              ^
conftest.cpp:141:16: error: expected ';' before 'a4'
   decltype(a2) a4 = 34895.034;
                ^
conftest.cpp:145:12: error: 'get_val' is not a member of 'cxx11test'
   short sa[cxx11test::get_val()] = { 0 };
            ^
conftest.cpp:155:14: error: ISO C++ forbids declaration of 'x' with no type [-fpermissive]
   for (auto &x : array) { x += 23; }
              ^
conftest.cpp:155:18: error: range-based 'for' loops are not allowed in C++98 mode
   for (auto &x : array) { x += 23; }
                  ^
conftest.cpp:160:41: warning: lambda expressions only available with -std=c++11 or -std=gnu++11 [enabled by default]
   assert (eval ([](int x) { return x*2; }, 21) == 42);
                                         ^
conftest.cpp:160:46: error: no matching function for call to 'eval(main(int, char**)::__lambda0, int)'
   assert (eval ([](int x) { return x*2; }, 21) == 42);
                                              ^
conftest.cpp:160:46: note: candidate is:
conftest.cpp:100:44: note: template<class Ret, class Fn> Ret cxx11test::eval(Fn, Ret)
   template <typename Ret, typename Fn> Ret eval(Fn f, Ret v)
                                            ^
conftest.cpp:100:44: note:   template argument deduction/substitution failed:
conftest.cpp: In substitution of 'template<class Ret, class Fn> Ret cxx11test::eval(Fn, Ret) [with Ret = int; Fn = main(int, char**)::__lambda0]':
conftest.cpp:160:46:   required from here
conftest.cpp:160:46: error: template argument for 'template<class Ret, class Fn> Ret cxx11test::eval(Fn, Ret)' uses local type 'main(int, char**)::__lambda0'
   assert (eval ([](int x) { return x*2; }, 21) == 42);
                                              ^
conftest.cpp:160:46: error:   trying to instantiate 'template<class Ret, class Fn> Ret cxx11test::eval(Fn, Ret)'
conftest.cpp:162:48: warning: lambda expressions only available with -std=c++11 or -std=gnu++11 [enabled by default]
   assert (eval ([&](double x) { return d += x; }, 3.0) == 5.0);
                                                ^
conftest.cpp:162:54: error: no matching function for call to 'eval(main(int, char**)::__lambda1, double)'
   assert (eval ([&](double x) { return d += x; }, 3.0) == 5.0);
                                                      ^
conftest.cpp:162:54: note: candidate is:
conftest.cpp:100:44: note: template<class Ret, class Fn> Ret cxx11test::eval(Fn, Ret)
   template <typename Ret, typename Fn> Ret eval(Fn f, Ret v)
                                            ^
conftest.cpp:100:44: note:   template argument deduction/substitution failed:
conftest.cpp: In substitution of 'template<class Ret, class Fn> Ret cxx11test::eval(Fn, Ret) [with Ret = double; Fn = main(int, char**)::__lambda1]':
conftest.cpp:162:54:   required from here
conftest.cpp:162:54: error: template argument for 'template<class Ret, class Fn> Ret cxx11test::eval(Fn, Ret)' uses local type 'main(int, char**)::__lambda1'
   assert (eval ([&](double x) { return d += x; }, 3.0) == 5.0);
                                                      ^
conftest.cpp:162:54: error:   trying to instantiate 'template<class Ret, class Fn> Ret cxx11test::eval(Fn, Ret)'
conftest.cpp:164:56: warning: lambda expressions only available with -std=c++11 or -std=gnu++11 [enabled by default]
   assert (eval ([=](double x) mutable { return d += x; }, 4.0) == 9.0);
                                                        ^
conftest.cpp:164:62: error: no matching function for call to 'eval(main(int, char**)::__lambda2, double)'
   assert (eval ([=](double x) mutable { return d += x; }, 4.0) == 9.0);
                                                              ^
conftest.cpp:164:62: note: candidate is:
conftest.cpp:100:44: note: template<class Ret, class Fn> Ret cxx11test::eval(Fn, Ret)
   template <typename Ret, typename Fn> Ret eval(Fn f, Ret v)
                                            ^
conftest.cpp:100:44: note:   template argument deduction/substitution failed:
conftest.cpp: In substitution of 'template<class Ret, class Fn> Ret cxx11test::eval(Fn, Ret) [with Ret = double; Fn = main(int, char**)::__lambda2]':
conftest.cpp:164:62:   required from here
conftest.cpp:164:62: error: template argument for 'template<class Ret, class Fn> Ret cxx11test::eval(Fn, Ret)' uses local type 'main(int, char**)::__lambda2'
   assert (eval ([=](double x) mutable { return d += x; }, 4.0) == 9.0);
                                                              ^
conftest.cpp:164:62: error:   trying to instantiate 'template<class Ret, class Fn> Ret cxx11test::eval(Fn, Ret)'
conftest.cpp:169:20: error: 'cxx11test::sum' has not been declared
   using cxx11test::sum;
                    ^
conftest.cpp:170:8: error: 'a' does not name a type
   auto a = sum(1);
        ^
conftest.cpp:171:8: error: 'b' does not name a type
   auto b = sum(1, 2);
        ^
conftest.cpp:172:8: error: 'c' does not name a type
   auto c = sum(1.0, 2.0, 3.0);
        ^
conftest.cpp:186:13: error: 'nullptr' was not declared in this scope
   char *c = nullptr;
             ^
conftest.cpp:190:36: error: '>>' should be '> >' within a nested template argument list
   test_template<::test_template<int>> v(test_template<int>(12));
                                    ^
conftest.cpp:190:16: error: '<::' cannot begin a template-argument list [-fpermissive]
   test_template<::test_template<int>> v(test_template<int>(12));
                ^
conftest.cpp:190:16: note: '<:' is an alternate spelling for '['. Insert whitespace between '<' and '::'
conftest.cpp:190:16: note: (if you use '-fpermissive' or '-std=c++11', or '-std=gnu++11' G++ will accept your code)
conftest.cpp:194:22: error: 'u8' was not declared in this scope
   char const *utf8 = u8"UTF-8 string \u2500";
                      ^
conftest.cpp:195:3: error: 'char16_t' was not declared in this scope
   char16_t const *utf16 = u"UTF-8 string \u2500";
   ^
conftest.cpp:195:12: error: expected ';' before 'const'
   char16_t const *utf16 = u"UTF-8 string \u2500";
            ^
conftest.cpp:196:3: error: 'char32_t' was not declared in this scope
   char32_t const *utf32 = U"UTF-32 string \u2500";
   ^
conftest.cpp:196:12: error: expected ';' before 'const'
   char32_t const *utf32 = U"UTF-32 string \u2500";
            ^
configure:5630: $? = 1
configure: failed program was:
| /* confdefs.h */
| #define PACKAGE_NAME "libffi"
| #define PACKAGE_TARNAME "libffi"
| #define PACKAGE_VERSION "3.4.4"
| #define PACKAGE_STRING "libffi 3.4.4"
| #define PACKAGE_BUGREPORT "http://github.com/libffi/libffi/issues"
| #define PACKAGE_URL ""
| #define PACKAGE "libffi"
| #define VERSION "3.4.4"
| /* end confdefs.h.  */
| 
| // Does the compiler advertise C++98 conformance?
| #if !defined __cplusplus || __cplusplus < 199711L
| # error "Compiler does not advertise C++98 conformance"
| #endif
| 
| // These inclusions are to reject old compilers that
| // lack the unsuffixed header files.
| #include <cstdlib>
| #include <exception>
| 
| // <cassert> and <cstring> are *not* freestanding headers in C++98.
| extern void assert (int);
| namespace std {
|   extern int strcmp (const char *, const char *);
| }
| 
| // Namespaces, exceptions, and templates were all added after "C++ 2.0".
| using std::exception;
| using std::strcmp;
| 
| namespace {
| 
| void test_exception_syntax()
| {
|   try {
|     throw "test";
|   } catch (const char *s) {
|     // Extra parentheses suppress a warning when building autoconf itself,
|     // due to lint rules shared with more typical C programs.
|     assert (!(strcmp) (s, "test"));
|   }
| }
| 
| template <typename T> struct test_template
| {
|   T const val;
|   explicit test_template(T t) : val(t) {}
|   template <typename U> T add(U u) { return static_cast<T>(u) + val; }
| };
| 
| } // anonymous namespace
| 
| 
| // Does the compiler advertise C++ 2011 conformance?
| #if !defined __cplusplus || __cplusplus < 201103L
| # error "Compiler does not advertise C++11 conformance"
| #endif
| 
| namespace cxx11test
| {
|   constexpr int get_val() { return 20; }
| 
|   struct testinit
|   {
|     int i;
|     double d;
|   };
| 
|   class delegate
|   {
|   public:
|     delegate(int n) : n(n) {}
|     delegate(): delegate(2354) {}
| 
|     virtual int getval() { return this->n; };
|   protected:
|     int n;
|   };
| 
|   class overridden : public delegate
|   {
|   public:
|     overridden(int n): delegate(n) {}
|     virtual int getval() override final { return this->n * 2; }
|   };
| 
|   class nocopy
|   {
|   public:
|     nocopy(int i): i(i) {}
|     nocopy() = default;
|     nocopy(const nocopy&) = delete;
|     nocopy & operator=(const nocopy&) = delete;
|   private:
|     int i;
|   };
| 
|   // for testing lambda expressions
|   template <typename Ret, typename Fn> Ret eval(Fn f, Ret v)
|   {
|     return f(v);
|   }
| 
|   // for testing variadic templates and trailing return types
|   template <typename V> auto sum(V first) -> V
|   {
|     return first;
|   }
|   template <typename V, typename... Args> auto sum(V first, Args... rest) -> V
|   {
|     return first + sum(rest...);
|   }
| }
| 
| 
| int
| main (int argc, char **argv)
| {
|   int ok = 0;
|   
|   assert (argc);
|   assert (! argv[0]);
| {
|   test_exception_syntax ();
|   test_template<double> tt (2.0);
|   assert (tt.add (4) == 6.0);
|   assert (true && !false);
| }
| 
|   
| {
|   // Test auto and decltype
|   auto a1 = 6538;
|   auto a2 = 48573953.4;
|   auto a3 = "String literal";
| 
|   int total = 0;
|   for (auto i = a3; *i; ++i) { total += *i; }
| 
|   decltype(a2) a4 = 34895.034;
| }
| {
|   // Test constexpr
|   short sa[cxx11test::get_val()] = { 0 };
| }
| {
|   // Test initializer lists
|   cxx11test::testinit il = { 4323, 435234.23544 };
| }
| {
|   // Test range-based for
|   int array[] = {9, 7, 13, 15, 4, 18, 12, 10, 5, 3,
|                  14, 19, 17, 8, 6, 20, 16, 2, 11, 1};
|   for (auto &x : array) { x += 23; }
| }
| {
|   // Test lambda expressions
|   using cxx11test::eval;
|   assert (eval ([](int x) { return x*2; }, 21) == 42);
|   double d = 2.0;
|   assert (eval ([&](double x) { return d += x; }, 3.0) == 5.0);
|   assert (d == 5.0);
|   assert (eval ([=](double x) mutable { return d += x; }, 4.0) == 9.0);
|   assert (d == 5.0);
| }
| {
|   // Test use of variadic templates
|   using cxx11test::sum;
|   auto a = sum(1);
|   auto b = sum(1, 2);
|   auto c = sum(1.0, 2.0, 3.0);
| }
| {
|   // Test constructor delegation
|   cxx11test::delegate d1;
|   cxx11test::delegate d2();
|   cxx11test::delegate d3(45);
| }
| {
|   // Test override and final
|   cxx11test::overridden o1(55464);
| }
| {
|   // Test nullptr
|   char *c = nullptr;
| }
| {
|   // Test template brackets
|   test_template<::test_template<int>> v(test_template<int>(12));
| }
| {
|   // Unicode literals
|   char const *utf8 = u8"UTF-8 string \u2500";
|   char16_t const *utf16 = u"UTF-8 string \u2500";
|   char32_t const *utf32 = U"UTF-32 string \u2500";
| }
| 
|   return ok;
| }
| 
configure:5648: result: none needed
configure:5714: checking dependency style of g++
configure:5826: result: gcc3
configure:5856: checking dependency style of cc -std=gnu11
configure:5966: result: gcc3
configure:5982: checking for grep that handles long lines and -e
configure:6046: result: /usr/bin/grep
configure:6051: checking for egrep
configure:6119: result: /usr/bin/grep -E
configure:6171: checking how to print strings
configure:6198: result: printf
configure:6219: checking for a sed that does not truncate output
configure:6289: result: /usr/bin/sed
configure:6307: checking for fgrep
configure:6375: result: /usr/bin/grep -F
configure:6411: checking for ld used by cc -std=gnu11
configure:6479: result: /usr/bin/ld
configure:6486: checking if the linker (/usr/bin/ld) is GNU ld
configure:6502: result: yes
configure:6514: checking for BSD- or MS-compatible name lister (nm)
configure:6569: result: /usr/bin/nm -B
configure:6709: checking the name lister (/usr/bin/nm -B) interface
configure:6717: cc -std=gnu11 -c -O0 -ffunction-sections -fdata-sections -fPIC -gdwarf-4 -fno-omit-frame-pointer -m64 -Wno-implicit-function-declaration  conftest.c >&5
configure:6720: /usr/bin/nm -B "conftest.o"
configure:6723: output
0000000000000000 B some_variable
configure:6730: result: BSD nm
configure:6733: checking whether ln -s works
configure:6737: result: yes
configure:6745: checking the maximum length of command line arguments
configure:6877: result: 1572864
configure:6925: checking how to convert x86_64-pc-linux-gnu file names to x86_64-pc-linux-gnu format
configure:6966: result: func_convert_file_noop
configure:6973: checking how to convert x86_64-pc-linux-gnu file names to toolchain format
configure:6994: result: func_convert_file_noop
configure:7001: checking for /usr/bin/ld option to reload object files
configure:7009: result: -r
configure:7088: checking for file
configure:7109: found /usr/bin/file
configure:7120: result: file
configure:7196: checking for objdump
configure:7217: found /usr/bin/objdump
configure:7228: result: objdump
configure:7260: checking how to recognize dependent libraries
configure:7461: result: pass_all
configure:7551: checking for dlltool
configure:7586: result: no
configure:7616: checking how to associate runtime and link libraries
configure:7644: result: printf %s\n
configure:7710: checking for ar
configure:7731: found /usr/bin/ar
configure:7742: result: ar
configure:7795: checking for archiver @FILE support
configure:7813: cc -std=gnu11 -c -O0 -ffunction-sections -fdata-sections -fPIC -gdwarf-4 -fno-omit-frame-pointer -m64 -Wno-implicit-function-declaration  conftest.c >&5
configure:7813: $? = 0
configure:7817: ar cr libconftest.a @conftest.lst >&5
configure:7820: $? = 0
configure:7825: ar cr libconftest.a @conftest.lst >&5
ar: conftest.o: No such file or directory
configure:7828: $? = 1
configure:7840: result: @
configure:7903: checking for strip
configure:7924: found /usr/bin/strip
configure:7935: result: strip
configure:8012: checking for ranlib
configure:8033: found /usr/bin/ranlib
configure:8044: result: ranlib
configure:8146: checking command to parse /usr/bin/nm -B output from cc -std=gnu11 object
configure:8300: cc -std=gnu11 -c -O0 -ffunction-sections -fdata-sections -fPIC -gdwarf-4 -fno-omit-frame-pointer -m64 -Wno-implicit-function-declaration  conftest.c >&5
configure:8303: $? = 0
configure:8307: /usr/bin/nm -B conftest.o \| /usr/bin/sed -n -e 's/^.*[ ]\([ABCDGIRSTW][ABCDGIRSTW]*\)[ ][ ]*\([_A-Za-z][_A-Za-z0-9]*\)$/\1 \2 \2/p' | /usr/bin/sed '/ __gnu_lto/d' \> conftest.nm
configure:8310: $? = 0
configure:8376: cc -std=gnu11 -o conftest -O0 -ffunction-sections -fdata-sections -fPIC -gdwarf-4 -fno-omit-frame-pointer -m64 -Wno-implicit-function-declaration   conftest.c conftstm.o >&5
configure:8379: $? = 0
configure:8417: result: ok
configure:8464: checking for sysroot
configure:8495: result: no
configure:8502: checking for a working dd
configure:8546: result: /usr/bin/dd
configure:8550: checking how to truncate binary pipes
configure:8566: result: /usr/bin/dd bs=4096 count=1
configure:8703: cc -std=gnu11 -c -O0 -ffunction-sections -fdata-sections -fPIC -gdwarf-4 -fno-omit-frame-pointer -m64 -Wno-implicit-function-declaration  conftest.c >&5
configure:8706: $? = 0
configure:8903: checking for mt
configure:8938: result: no
configure:8958: checking if : is a manifest tool
configure:8965: : '-?'
configure:8973: result: no
configure:9698: checking for stdio.h
configure:9698: cc -std=gnu11 -c -O0 -ffunction-sections -fdata-sections -fPIC -gdwarf-4 -fno-omit-frame-pointer -m64 -Wno-implicit-function-declaration  conftest.c >&5
configure:9698: $? = 0
configure:9698: result: yes
configure:9698: checking for stdlib.h
configure:9698: cc -std=gnu11 -c -O0 -ffunction-sections -fdata-sections -fPIC -gdwarf-4 -fno-omit-frame-pointer -m64 -Wno-implicit-function-declaration  conftest.c >&5
configure:9698: $? = 0
configure:9698: result: yes
configure:9698: checking for string.h
configure:9698: cc -std=gnu11 -c -O0 -ffunction-sections -fdata-sections -fPIC -gdwarf-4 -fno-omit-frame-pointer -m64 -Wno-implicit-function-declaration  conftest.c >&5
configure:9698: $? = 0
configure:9698: result: yes
configure:9698: checking for inttypes.h
configure:9698: cc -std=gnu11 -c -O0 -ffunction-sections -fdata-sections -fPIC -gdwarf-4 -fno-omit-frame-pointer -m64 -Wno-implicit-function-declaration  conftest.c >&5
configure:9698: $? = 0
configure:9698: result: yes
configure:9698: checking for stdint.h
configure:9698: cc -std=gnu11 -c -O0 -ffunction-sections -fdata-sections -fPIC -gdwarf-4 -fno-omit-frame-pointer -m64 -Wno-implicit-function-declaration  conftest.c >&5
configure:9698: $? = 0
configure:9698: result: yes
configure:9698: checking for strings.h
configure:9698: cc -std=gnu11 -c -O0 -ffunction-sections -fdata-sections -fPIC -gdwarf-4 -fno-omit-frame-pointer -m64 -Wno-implicit-function-declaration  conftest.c >&5
configure:9698: $? = 0
configure:9698: result: yes
configure:9698: checking for sys/stat.h
configure:9698: cc -std=gnu11 -c -O0 -ffunction-sections -fdata-sections -fPIC -gdwarf-4 -fno-omit-frame-pointer -m64 -Wno-implicit-function-declaration  conftest.c >&5
configure:9698: $? = 0
configure:9698: result: yes
configure:9698: checking for sys/types.h
configure:9698: cc -std=gnu11 -c -O0 -ffunction-sections -fdata-sections -fPIC -gdwarf-4 -fno-omit-frame-pointer -m64 -Wno-implicit-function-declaration  conftest.c >&5
configure:9698: $? = 0
configure:9698: result: yes
configure:9698: checking for unistd.h
configure:9698: cc -std=gnu11 -c -O0 -ffunction-sections -fdata-sections -fPIC -gdwarf-4 -fno-omit-frame-pointer -m64 -Wno-implicit-function-declaration  conftest.c >&5
configure:9698: $? = 0
configure:9698: result: yes
configure:9723: checking for dlfcn.h
configure:9723: cc -std=gnu11 -c -O0 -ffunction-sections -fdata-sections -fPIC -gdwarf-4 -fno-omit-frame-pointer -m64 -Wno-implicit-function-declaration  conftest.c >&5
configure:9723: $? = 0
configure:9723: result: yes
configure:9993: checking for objdir
configure:10009: result: .libs
configure:10273: checking if cc -std=gnu11 supports -fno-rtti -fno-exceptions
configure:10292: cc -std=gnu11 -c -O0 -ffunction-sections -fdata-sections -fPIC -gdwarf-4 -fno-omit-frame-pointer -m64 -Wno-implicit-function-declaration  -fno-rtti -fno-exceptions conftest.c >&5
cc1: warning: command line option '-fno-rtti' is valid for C++/ObjC++ but not for C [enabled by default]
configure:10296: $? = 0
configure:10309: result: no
configure:10667: checking for cc -std=gnu11 option to produce PIC
configure:10675: result: -fPIC -DPIC
configure:10683: checking if cc -std=gnu11 PIC flag -fPIC -DPIC works
configure:10702: cc -std=gnu11 -c -O0 -ffunction-sections -fdata-sections -fPIC -gdwarf-4 -fno-omit-frame-pointer -m64 -Wno-implicit-function-declaration  -fPIC -DPIC -DPIC conftest.c >&5
configure:10706: $? = 0
configure:10719: result: yes
configure:10748: checking if cc -std=gnu11 static flag -static works
configure:10777: result: no
configure:10792: checking if cc -std=gnu11 supports -c -o file.o
configure:10814: cc -std=gnu11 -c -O0 -ffunction-sections -fdata-sections -fPIC -gdwarf-4 -fno-omit-frame-pointer -m64 -Wno-implicit-function-declaration  -o out/conftest2.o conftest.c >&5
configure:10818: $? = 0
configure:10840: result: yes
configure:10848: checking if cc -std=gnu11 supports -c -o file.o
configure:10896: result: yes
configure:10929: checking whether the cc -std=gnu11 linker (/usr/bin/ld -m elf_x86_64) supports shared libraries
configure:12197: result: yes
configure:12438: checking dynamic linker characteristics
configure:13020: cc -std=gnu11 -o conftest -O0 -ffunction-sections -fdata-sections -fPIC -gdwarf-4 -fno-omit-frame-pointer -m64 -Wno-implicit-function-declaration   -Wl,-rpath -Wl,/foo conftest.c  >&5
configure:13020: $? = 0
configure:13262: result: GNU/Linux ld.so
configure:13384: checking how to hardcode library paths into programs
configure:13409: result: immediate
configure:13961: checking whether stripping libraries is possible
configure:13970: result: yes
configure:14012: checking if libtool supports shared libraries
configure:14014: result: yes
configure:14017: checking whether to build shared libraries
configure:14042: result: no
configure:14045: checking whether to build static libraries
configure:14049: result: yes
configure:14072: checking how to run the C++ preprocessor
configure:14094: g++ -E  conftest.cpp
configure:14094: $? = 0
configure:14109: g++ -E  conftest.cpp
conftest.cpp:23:28: fatal error: ac_nonexistent.h: No such file or directory
 #include <ac_nonexistent.h>
                            ^
compilation terminated.
configure:14109: $? = 1
configure: failed program was:
| /* confdefs.h */
| #define PACKAGE_NAME "libffi"
| #define PACKAGE_TARNAME "libffi"
| #define PACKAGE_VERSION "3.4.4"
| #define PACKAGE_STRING "libffi 3.4.4"
| #define PACKAGE_BUGREPORT "http://github.com/libffi/libffi/issues"
| #define PACKAGE_URL ""
| #define PACKAGE "libffi"
| #define VERSION "3.4.4"
| #define HAVE_STDIO_H 1
| #define HAVE_STDLIB_H 1
| #define HAVE_STRING_H 1
| #define HAVE_INTTYPES_H 1
| #define HAVE_STDINT_H 1
| #define HAVE_STRINGS_H 1
| #define HAVE_SYS_STAT_H 1
| #define HAVE_SYS_TYPES_H 1
| #define HAVE_UNISTD_H 1
| #define STDC_HEADERS 1
| #define HAVE_DLFCN_H 1
| #define LT_OBJDIR ".libs/"
| /* end confdefs.h.  */
| #include <ac_nonexistent.h>
configure:14136: result: g++ -E
configure:14150: g++ -E  conftest.cpp
configure:14150: $? = 0
configure:14165: g++ -E  conftest.cpp
conftest.cpp:23:28: fatal error: ac_nonexistent.h: No such file or directory
 #include <ac_nonexistent.h>
                            ^
compilation terminated.
configure:14165: $? = 1
configure: failed program was:
| /* confdefs.h */
| #define PACKAGE_NAME "libffi"
| #define PACKAGE_TARNAME "libffi"
| #define PACKAGE_VERSION "3.4.4"
| #define PACKAGE_STRING "libffi 3.4.4"
| #define PACKAGE_BUGREPORT "http://github.com/libffi/libffi/issues"
| #define PACKAGE_URL ""
| #define PACKAGE "libffi"
| #define VERSION "3.4.4"
| #define HAVE_STDIO_H 1
| #define HAVE_STDLIB_H 1
| #define HAVE_STRING_H 1
| #define HAVE_INTTYPES_H 1
| #define HAVE_STDINT_H 1
| #define HAVE_STRINGS_H 1
| #define HAVE_SYS_STAT_H 1
| #define HAVE_SYS_TYPES_H 1
| #define HAVE_UNISTD_H 1
| #define STDC_HEADERS 1
| #define HAVE_DLFCN_H 1
| #define LT_OBJDIR ".libs/"
| /* end confdefs.h.  */
| #include <ac_nonexistent.h>
configure:14330: checking for ld used by g++
configure:14398: result: /usr/bin/ld -m elf_x86_64
configure:14405: checking if the linker (/usr/bin/ld -m elf_x86_64) is GNU ld
configure:14421: result: yes
configure:14476: checking whether the g++ linker (/usr/bin/ld -m elf_x86_64) supports shared libraries
configure:15554: result: yes
configure:15590: g++ -c -g -O2  conftest.cpp >&5
configure:15593: $? = 0
configure:16074: checking for g++ option to produce PIC
configure:16082: result: -fPIC -DPIC
configure:16090: checking if g++ PIC flag -fPIC -DPIC works
configure:16109: g++ -c -g -O2  -fPIC -DPIC -DPIC conftest.cpp >&5
configure:16113: $? = 0
configure:16126: result: yes
configure:16149: checking if g++ static flag -static works
configure:16178: result: no
configure:16190: checking if g++ supports -c -o file.o
configure:16212: g++ -c -g -O2  -o out/conftest2.o conftest.cpp >&5
configure:16216: $? = 0
configure:16238: result: yes
configure:16243: checking if g++ supports -c -o file.o
configure:16291: result: yes
configure:16321: checking whether the g++ linker (/usr/bin/ld -m elf_x86_64) supports shared libraries
configure:16361: result: yes
configure:16503: checking dynamic linker characteristics
configure:17254: result: GNU/Linux ld.so
configure:17319: checking how to hardcode library paths into programs
configure:17344: result: immediate
configure:17455: checking for readelf
configure:17476: found /usr/bin/readelf
configure:17487: result: readelf
configure:17515: checking size of size_t
configure:17521: cc -std=gnu11 -o conftest -O0 -ffunction-sections -fdata-sections -fPIC -gdwarf-4 -fno-omit-frame-pointer -m64 -Wno-implicit-function-declaration   conftest.c  >&5
configure:17521: $? = 0
configure:17521: ./conftest
configure:17521: $? = 0
configure:17536: result: 8
configure:17545: checking for C compiler vendor
configure:17604: cc -std=gnu11 -c -O0 -ffunction-sections -fdata-sections -fPIC -gdwarf-4 -fno-omit-frame-pointer -m64 -Wno-implicit-function-declaration  conftest.c >&5
conftest.c: In function 'main':
conftest.c:30:7: error: 'thisisanerror' undeclared (first use in this function)
       thisisanerror;
       ^
conftest.c:30:7: note: each undeclared identifier is reported only once for each function it appears in
configure:17604: $? = 1
configure: failed program was:
| /* confdefs.h */
| #define PACKAGE_NAME "libffi"
| #define PACKAGE_TARNAME "libffi"
| #define PACKAGE_VERSION "3.4.4"
| #define PACKAGE_STRING "libffi 3.4.4"
| #define PACKAGE_BUGREPORT "http://github.com/libffi/libffi/issues"
| #define PACKAGE_URL ""
| #define PACKAGE "libffi"
| #define VERSION "3.4.4"
| #define HAVE_STDIO_H 1
| #define HAVE_STDLIB_H 1
| #define HAVE_STRING_H 1
| #define HAVE_INTTYPES_H 1
| #define HAVE_STDINT_H 1
| #define HAVE_STRINGS_H 1
| #define HAVE_SYS_STAT_H 1
| #define HAVE_SYS_TYPES_H 1
| #define HAVE_UNISTD_H 1
| #define STDC_HEADERS 1
| #define HAVE_DLFCN_H 1
| #define LT_OBJDIR ".libs/"
| #define SIZEOF_SIZE_T 8
| /* end confdefs.h.  */
| 
| int
| main (void)
| {
| 
| #if !(defined(__ICC) || defined(__ECC) || defined(__INTEL_COMPILER))
|       thisisanerror;
| #endif
| 
|   ;
|   return 0;
| }
configure:17604: cc -std=gnu11 -c -O0 -ffunction-sections -fdata-sections -fPIC -gdwarf-4 -fno-omit-frame-pointer -m64 -Wno-implicit-function-declaration  conftest.c >&5
conftest.c: In function 'main':
conftest.c:30:7: error: 'thisisanerror' undeclared (first use in this function)
       thisisanerror;
       ^
conftest.c:30:7: note: each undeclared identifier is reported only once for each function it appears in
configure:17604: $? = 1
configure: failed program was:
| /* confdefs.h */
| #define PACKAGE_NAME "libffi"
| #define PACKAGE_TARNAME "libffi"
| #define PACKAGE_VERSION "3.4.4"
| #define PACKAGE_STRING "libffi 3.4.4"
| #define PACKAGE_BUGREPORT "http://github.com/libffi/libffi/issues"
| #define PACKAGE_URL ""
| #define PACKAGE "libffi"
| #define VERSION "3.4.4"
| #define HAVE_STDIO_H 1
| #define HAVE_STDLIB_H 1
| #define HAVE_STRING_H 1
| #define HAVE_INTTYPES_H 1
| #define HAVE_STDINT_H 1
| #define HAVE_STRINGS_H 1
| #define HAVE_SYS_STAT_H 1
| #define HAVE_SYS_TYPES_H 1
| #define HAVE_UNISTD_H 1
| #define STDC_HEADERS 1
| #define HAVE_DLFCN_H 1
| #define LT_OBJDIR ".libs/"
| #define SIZEOF_SIZE_T 8
| /* end confdefs.h.  */
| 
| int
| main (void)
| {
| 
| #if !(defined(__xlc__) || defined(__xlC__) || defined(__IBMC__) || defined(__IBMCPP__) || defined(__ibmxl__))
|       thisisanerror;
| #endif
| 
|   ;
|   return 0;
| }
configure:17604: cc -std=gnu11 -c -O0 -ffunction-sections -fdata-sections -fPIC -gdwarf-4 -fno-omit-frame-pointer -m64 -Wno-implicit-function-declaration  conftest.c >&5
conftest.c: In function 'main':
conftest.c:30:7: error: 'thisisanerror' undeclared (first use in this function)
       thisisanerror;
       ^
conftest.c:30:7: note: each undeclared identifier is reported only once for each function it appears in
configure:17604: $? = 1
configure: failed program was:
| /* confdefs.h */
| #define PACKAGE_NAME "libffi"
| #define PACKAGE_TARNAME "libffi"
| #define PACKAGE_VERSION "3.4.4"
| #define PACKAGE_STRING "libffi 3.4.4"
| #define PACKAGE_BUGREPORT "http://github.com/libffi/libffi/issues"
| #define PACKAGE_URL ""
| #define PACKAGE "libffi"
| #define VERSION "3.4.4"
| #define HAVE_STDIO_H 1
| #define HAVE_STDLIB_H 1
| #define HAVE_STRING_H 1
| #define HAVE_INTTYPES_H 1
| #define HAVE_STDINT_H 1
| #define HAVE_STRINGS_H 1
| #define HAVE_SYS_STAT_H 1
| #define HAVE_SYS_TYPES_H 1
| #define HAVE_UNISTD_H 1
| #define STDC_HEADERS 1
| #define HAVE_DLFCN_H 1
| #define LT_OBJDIR ".libs/"
| #define SIZEOF_SIZE_T 8
| /* end confdefs.h.  */
| 
| int
| main (void)
| {
| 
| #if !(defined(__PATHCC__) || defined(__PATHSCALE__))
|       thisisanerror;
| #endif
| 
|   ;
|   return 0;
| }
configure:17604: cc -std=gnu11 -c -O0 -ffunction-sections -fdata-sections -fPIC -gdwarf-4 -fno-omit-frame-pointer -m64 -Wno-implicit-function-declaration  conftest.c >&5
conftest.c: In function 'main':
conftest.c:30:7: error: 'thisisanerror' undeclared (first use in this function)
       thisisanerror;
       ^
conftest.c:30:7: note: each undeclared identifier is reported only once for each function it appears in
configure:17604: $? = 1
configure: failed program was:
| /* confdefs.h */
| #define PACKAGE_NAME "libffi"
| #define PACKAGE_TARNAME "libffi"
| #define PACKAGE_VERSION "3.4.4"
| #define PACKAGE_STRING "libffi 3.4.4"
| #define PACKAGE_BUGREPORT "http://github.com/libffi/libffi/issues"
| #define PACKAGE_URL ""
| #define PACKAGE "libffi"
| #define VERSION "3.4.4"
| #define HAVE_STDIO_H 1
| #define HAVE_STDLIB_H 1
| #define HAVE_STRING_H 1
| #define HAVE_INTTYPES_H 1
| #define HAVE_STDINT_H 1
| #define HAVE_STRINGS_H 1
| #define HAVE_SYS_STAT_H 1
| #define HAVE_SYS_TYPES_H 1
| #define HAVE_UNISTD_H 1
| #define STDC_HEADERS 1
| #define HAVE_DLFCN_H 1
| #define LT_OBJDIR ".libs/"
| #define SIZEOF_SIZE_T 8
| /* end confdefs.h.  */
| 
| int
| main (void)
| {
| 
| #if !(defined(__clang__))
|       thisisanerror;
| #endif
| 
|   ;
|   return 0;
| }
configure:17604: cc -std=gnu11 -c -O0 -ffunction-sections -fdata-sections -fPIC -gdwarf-4 -fno-omit-frame-pointer -m64 -Wno-implicit-function-declaration  conftest.c >&5
conftest.c: In function 'main':
conftest.c:30:7: error: 'thisisanerror' undeclared (first use in this function)
       thisisanerror;
       ^
conftest.c:30:7: note: each undeclared identifier is reported only once for each function it appears in
configure:17604: $? = 1
configure: failed program was:
| /* confdefs.h */
| #define PACKAGE_NAME "libffi"
| #define PACKAGE_TARNAME "libffi"
| #define PACKAGE_VERSION "3.4.4"
| #define PACKAGE_STRING "libffi 3.4.4"
| #define PACKAGE_BUGREPORT "http://github.com/libffi/libffi/issues"
| #define PACKAGE_URL ""
| #define PACKAGE "libffi"
| #define VERSION "3.4.4"
| #define HAVE_STDIO_H 1
| #define HAVE_STDLIB_H 1
| #define HAVE_STRING_H 1
| #define HAVE_INTTYPES_H 1
| #define HAVE_STDINT_H 1
| #define HAVE_STRINGS_H 1
| #define HAVE_SYS_STAT_H 1
| #define HAVE_SYS_TYPES_H 1
| #define HAVE_UNISTD_H 1
| #define STDC_HEADERS 1
| #define HAVE_DLFCN_H 1
| #define LT_OBJDIR ".libs/"
| #define SIZEOF_SIZE_T 8
| /* end confdefs.h.  */
| 
| int
| main (void)
| {
| 
| #if !(defined(_CRAYC))
|       thisisanerror;
| #endif
| 
|   ;
|   return 0;
| }
configure:17604: cc -std=gnu11 -c -O0 -ffunction-sections -fdata-sections -fPIC -gdwarf-4 -fno-omit-frame-pointer -m64 -Wno-implicit-function-declaration  conftest.c >&5
conftest.c: In function 'main':
conftest.c:30:7: error: 'thisisanerror' undeclared (first use in this function)
       thisisanerror;
       ^
conftest.c:30:7: note: each undeclared identifier is reported only once for each function it appears in
configure:17604: $? = 1
configure: failed program was:
| /* confdefs.h */
| #define PACKAGE_NAME "libffi"
| #define PACKAGE_TARNAME "libffi"
| #define PACKAGE_VERSION "3.4.4"
| #define PACKAGE_STRING "libffi 3.4.4"
| #define PACKAGE_BUGREPORT "http://github.com/libffi/libffi/issues"
| #define PACKAGE_URL ""
| #define PACKAGE "libffi"
| #define VERSION "3.4.4"
| #define HAVE_STDIO_H 1
| #define HAVE_STDLIB_H 1
| #define HAVE_STRING_H 1
| #define HAVE_INTTYPES_H 1
| #define HAVE_STDINT_H 1
| #define HAVE_STRINGS_H 1
| #define HAVE_SYS_STAT_H 1
| #define HAVE_SYS_TYPES_H 1
| #define HAVE_UNISTD_H 1
| #define STDC_HEADERS 1
| #define HAVE_DLFCN_H 1
| #define LT_OBJDIR ".libs/"
| #define SIZEOF_SIZE_T 8
| /* end confdefs.h.  */
| 
| int
| main (void)
| {
| 
| #if !(defined(__FUJITSU))
|       thisisanerror;
| #endif
| 
|   ;
|   return 0;
| }
configure:17604: cc -std=gnu11 -c -O0 -ffunction-sections -fdata-sections -fPIC -gdwarf-4 -fno-omit-frame-pointer -m64 -Wno-implicit-function-declaration  conftest.c >&5
conftest.c: In function 'main':
conftest.c:30:7: error: 'thisisanerror' undeclared (first use in this function)
       thisisanerror;
       ^
conftest.c:30:7: note: each undeclared identifier is reported only once for each function it appears in
configure:17604: $? = 1
configure: failed program was:
| /* confdefs.h */
| #define PACKAGE_NAME "libffi"
| #define PACKAGE_TARNAME "libffi"
| #define PACKAGE_VERSION "3.4.4"
| #define PACKAGE_STRING "libffi 3.4.4"
| #define PACKAGE_BUGREPORT "http://github.com/libffi/libffi/issues"
| #define PACKAGE_URL ""
| #define PACKAGE "libffi"
| #define VERSION "3.4.4"
| #define HAVE_STDIO_H 1
| #define HAVE_STDLIB_H 1
| #define HAVE_STRING_H 1
| #define HAVE_INTTYPES_H 1
| #define HAVE_STDINT_H 1
| #define HAVE_STRINGS_H 1
| #define HAVE_SYS_STAT_H 1
| #define HAVE_SYS_TYPES_H 1
| #define HAVE_UNISTD_H 1
| #define STDC_HEADERS 1
| #define HAVE_DLFCN_H 1
| #define LT_OBJDIR ".libs/"
| #define SIZEOF_SIZE_T 8
| /* end confdefs.h.  */
| 
| int
| main (void)
| {
| 
| #if !(defined(SDCC) || defined(__SDCC))
|       thisisanerror;
| #endif
| 
|   ;
|   return 0;
| }
configure:17604: cc -std=gnu11 -c -O0 -ffunction-sections -fdata-sections -fPIC -gdwarf-4 -fno-omit-frame-pointer -m64 -Wno-implicit-function-declaration  conftest.c >&5
conftest.c: In function 'main':
conftest.c:30:7: error: 'thisisanerror' undeclared (first use in this function)
       thisisanerror;
       ^
conftest.c:30:7: note: each undeclared identifier is reported only once for each function it appears in
configure:17604: $? = 1
configure: failed program was:
| /* confdefs.h */
| #define PACKAGE_NAME "libffi"
| #define PACKAGE_TARNAME "libffi"
| #define PACKAGE_VERSION "3.4.4"
| #define PACKAGE_STRING "libffi 3.4.4"
| #define PACKAGE_BUGREPORT "http://github.com/libffi/libffi/issues"
| #define PACKAGE_URL ""
| #define PACKAGE "libffi"
| #define VERSION "3.4.4"
| #define HAVE_STDIO_H 1
| #define HAVE_STDLIB_H 1
| #define HAVE_STRING_H 1
| #define HAVE_INTTYPES_H 1
| #define HAVE_STDINT_H 1
| #define HAVE_STRINGS_H 1
| #define HAVE_SYS_STAT_H 1
| #define HAVE_SYS_TYPES_H 1
| #define HAVE_UNISTD_H 1
| #define STDC_HEADERS 1
| #define HAVE_DLFCN_H 1
| #define LT_OBJDIR ".libs/"
| #define SIZEOF_SIZE_T 8
| /* end confdefs.h.  */
| 
| int
| main (void)
| {
| 
| #if !(defined(_SX))
|       thisisanerror;
| #endif
| 
|   ;
|   return 0;
| }
configure:17604: cc -std=gnu11 -c -O0 -ffunction-sections -fdata-sections -fPIC -gdwarf-4 -fno-omit-frame-pointer -m64 -Wno-implicit-function-declaration  conftest.c >&5
conftest.c: In function 'main':
conftest.c:30:7: error: 'thisisanerror' undeclared (first use in this function)
       thisisanerror;
       ^
conftest.c:30:7: note: each undeclared identifier is reported only once for each function it appears in
configure:17604: $? = 1
configure: failed program was:
| /* confdefs.h */
| #define PACKAGE_NAME "libffi"
| #define PACKAGE_TARNAME "libffi"
| #define PACKAGE_VERSION "3.4.4"
| #define PACKAGE_STRING "libffi 3.4.4"
| #define PACKAGE_BUGREPORT "http://github.com/libffi/libffi/issues"
| #define PACKAGE_URL ""
| #define PACKAGE "libffi"
| #define VERSION "3.4.4"
| #define HAVE_STDIO_H 1
| #define HAVE_STDLIB_H 1
| #define HAVE_STRING_H 1
| #define HAVE_INTTYPES_H 1
| #define HAVE_STDINT_H 1
| #define HAVE_STRINGS_H 1
| #define HAVE_SYS_STAT_H 1
| #define HAVE_SYS_TYPES_H 1
| #define HAVE_UNISTD_H 1
| #define STDC_HEADERS 1
| #define HAVE_DLFCN_H 1
| #define LT_OBJDIR ".libs/"
| #define SIZEOF_SIZE_T 8
| /* end confdefs.h.  */
| 
| int
| main (void)
| {
| 
| #if !(defined(__NVCOMPILER))
|       thisisanerror;
| #endif
| 
|   ;
|   return 0;
| }
configure:17604: cc -std=gnu11 -c -O0 -ffunction-sections -fdata-sections -fPIC -gdwarf-4 -fno-omit-frame-pointer -m64 -Wno-implicit-function-declaration  conftest.c >&5
conftest.c: In function 'main':
conftest.c:30:7: error: 'thisisanerror' undeclared (first use in this function)
       thisisanerror;
       ^
conftest.c:30:7: note: each undeclared identifier is reported only once for each function it appears in
configure:17604: $? = 1
configure: failed program was:
| /* confdefs.h */
| #define PACKAGE_NAME "libffi"
| #define PACKAGE_TARNAME "libffi"
| #define PACKAGE_VERSION "3.4.4"
| #define PACKAGE_STRING "libffi 3.4.4"
| #define PACKAGE_BUGREPORT "http://github.com/libffi/libffi/issues"
| #define PACKAGE_URL ""
| #define PACKAGE "libffi"
| #define VERSION "3.4.4"
| #define HAVE_STDIO_H 1
| #define HAVE_STDLIB_H 1
| #define HAVE_STRING_H 1
| #define HAVE_INTTYPES_H 1
| #define HAVE_STDINT_H 1
| #define HAVE_STRINGS_H 1
| #define HAVE_SYS_STAT_H 1
| #define HAVE_SYS_TYPES_H 1
| #define HAVE_UNISTD_H 1
| #define STDC_HEADERS 1
| #define HAVE_DLFCN_H 1
| #define LT_OBJDIR ".libs/"
| #define SIZEOF_SIZE_T 8
| /* end confdefs.h.  */
| 
| int
| main (void)
| {
| 
| #if !(defined(__PGI))
|       thisisanerror;
| #endif
| 
|   ;
|   return 0;
| }
configure:17604: cc -std=gnu11 -c -O0 -ffunction-sections -fdata-sections -fPIC -gdwarf-4 -fno-omit-frame-pointer -m64 -Wno-implicit-function-declaration  conftest.c >&5
configure:17604: $? = 0
configure:17614: result: gnu
configure:18505: checking CFLAGS for most reasonable warnings
configure:18592: : CFLAGS="$CFLAGS"
configure:18595: $? = 0
configure:18618: result: -Wall
configure:18641: checking whether to enable maintainer-specific portions of Makefiles
configure:18651: result: no
configure:18665: checking for sys/memfd.h
configure:18665: cc -std=gnu11 -c -Wall -O0 -ffunction-sections -fdata-sections -fPIC -gdwarf-4 -fno-omit-frame-pointer -m64 -Wno-implicit-function-declaration -fexceptions  conftest.c >&5
conftest.c:52:23: fatal error: sys/memfd.h: No such file or directory
 #include <sys/memfd.h>
                       ^
compilation terminated.
configure:18665: $? = 1
configure: failed program was:
| /* confdefs.h */
| #define PACKAGE_NAME "libffi"
| #define PACKAGE_TARNAME "libffi"
| #define PACKAGE_VERSION "3.4.4"
| #define PACKAGE_STRING "libffi 3.4.4"
| #define PACKAGE_BUGREPORT "http://github.com/libffi/libffi/issues"
| #define PACKAGE_URL ""
| #define PACKAGE "libffi"
| #define VERSION "3.4.4"
| #define HAVE_STDIO_H 1
| #define HAVE_STDLIB_H 1
| #define HAVE_STRING_H 1
| #define HAVE_INTTYPES_H 1
| #define HAVE_STDINT_H 1
| #define HAVE_STRINGS_H 1
| #define HAVE_SYS_STAT_H 1
| #define HAVE_SYS_TYPES_H 1
| #define HAVE_UNISTD_H 1
| #define STDC_HEADERS 1
| #define HAVE_DLFCN_H 1
| #define LT_OBJDIR ".libs/"
| #define SIZEOF_SIZE_T 8
| /* end confdefs.h.  */
| #include <stddef.h>
| #ifdef HAVE_STDIO_H
| # include <stdio.h>
| #endif
| #ifdef HAVE_STDLIB_H
| # include <stdlib.h>
| #endif
| #ifdef HAVE_STRING_H
| # include <string.h>
| #endif
| #ifdef HAVE_INTTYPES_H
| # include <inttypes.h>
| #endif
| #ifdef HAVE_STDINT_H
| # include <stdint.h>
| #endif
| #ifdef HAVE_STRINGS_H
| # include <strings.h>
| #endif
| #ifdef HAVE_SYS_TYPES_H
| # include <sys/types.h>
| #endif
| #ifdef HAVE_SYS_STAT_H
| # include <sys/stat.h>
| #endif
| #ifdef HAVE_UNISTD_H
| # include <unistd.h>
| #endif
| #include <sys/memfd.h>
configure:18665: result: no
configure:18672: checking for memfd_create
configure:18672: cc -std=gnu11 -o conftest -Wall -O0 -ffunction-sections -fdata-sections -fPIC -gdwarf-4 -fno-omit-frame-pointer -m64 -Wno-implicit-function-declaration -fexceptions   conftest.c  >&5
/scratch-local/ccWMxdMu.o: In function `main':
/mnt/beegfs/home/usaclsc0052/mzWork/Conc-Work/Homework-4/target/debug/build/libffi-sys-68e50c69dc900e67/out/libffi-build/x86_64-unknown-linux-gnu/conftest.c:51: undefined reference to `memfd_create'
collect2: error: ld returned 1 exit status
configure:18672: $? = 1
configure: failed program was:
| /* confdefs.h */
| #define PACKAGE_NAME "libffi"
| #define PACKAGE_TARNAME "libffi"
| #define PACKAGE_VERSION "3.4.4"
| #define PACKAGE_STRING "libffi 3.4.4"
| #define PACKAGE_BUGREPORT "http://github.com/libffi/libffi/issues"
| #define PACKAGE_URL ""
| #define PACKAGE "libffi"
| #define VERSION "3.4.4"
| #define HAVE_STDIO_H 1
| #define HAVE_STDLIB_H 1
| #define HAVE_STRING_H 1
| #define HAVE_INTTYPES_H 1
| #define HAVE_STDINT_H 1
| #define HAVE_STRINGS_H 1
| #define HAVE_SYS_STAT_H 1
| #define HAVE_SYS_TYPES_H 1
| #define HAVE_UNISTD_H 1
| #define STDC_HEADERS 1
| #define HAVE_DLFCN_H 1
| #define LT_OBJDIR ".libs/"
| #define SIZEOF_SIZE_T 8
| /* end confdefs.h.  */
| /* Define memfd_create to an innocuous variant, in case <limits.h> declares memfd_create.
|    For example, HP-UX 11i <limits.h> declares gettimeofday.  */
| #define memfd_create innocuous_memfd_create
| 
| /* System header to define __stub macros and hopefully few prototypes,
|    which can conflict with char memfd_create (); below.  */
| 
| #include <limits.h>
| #undef memfd_create
| 
| /* Override any GCC internal prototype to avoid an error.
|    Use char because int might match the return type of a GCC
|    builtin and then its argument prototype would still apply.  */
| #ifdef __cplusplus
| extern "C"
| #endif
| char memfd_create ();
| /* The GNU C library defines this for functions which it implements
|     to always fail with ENOSYS.  Some functions are actually named
|     something starting with __ and the normal name is an alias.  */
| #if defined __stub_memfd_create || defined __stub___memfd_create
| choke me
| #endif
| 
| int
| main (void)
| {
| return memfd_create ();
|   ;
|   return 0;
| }
configure:18672: result: no
configure:18680: checking for sys/mman.h
configure:18680: cc -std=gnu11 -c -Wall -O0 -ffunction-sections -fdata-sections -fPIC -gdwarf-4 -fno-omit-frame-pointer -m64 -Wno-implicit-function-declaration -fexceptions  conftest.c >&5
configure:18680: $? = 0
configure:18680: result: yes
configure:18687: checking for mmap
configure:18687: cc -std=gnu11 -o conftest -Wall -O0 -ffunction-sections -fdata-sections -fPIC -gdwarf-4 -fno-omit-frame-pointer -m64 -Wno-implicit-function-declaration -fexceptions   conftest.c  >&5
configure:18687: $? = 0
configure:18687: result: yes
configure:18693: checking for mkostemp
configure:18693: cc -std=gnu11 -o conftest -Wall -O0 -ffunction-sections -fdata-sections -fPIC -gdwarf-4 -fno-omit-frame-pointer -m64 -Wno-implicit-function-declaration -fexceptions   conftest.c  >&5
configure:18693: $? = 0
configure:18693: result: yes
configure:18699: checking for mkstemp
configure:18699: cc -std=gnu11 -o conftest -Wall -O0 -ffunction-sections -fdata-sections -fPIC -gdwarf-4 -fno-omit-frame-pointer -m64 -Wno-implicit-function-declaration -fexceptions   conftest.c  >&5
configure:18699: $? = 0
configure:18699: result: yes
configure:18707: checking for sys/mman.h
configure:18707: result: yes
configure:18715: checking for mmap
configure:18715: result: yes
configure:18729: checking whether read-only mmap of a plain file works
configure:18747: result: yes
configure:18749: checking whether mmap from /dev/zero works
configure:18772: result: yes
configure:18776: checking for MAP_ANON(YMOUS)
configure:18800: cc -std=gnu11 -c -Wall -O0 -ffunction-sections -fdata-sections -fPIC -gdwarf-4 -fno-omit-frame-pointer -m64 -Wno-implicit-function-declaration -fexceptions  conftest.c >&5
conftest.c: In function 'main':
conftest.c:39:5: warning: unused variable 'n' [-Wunused-variable]
 int n = MAP_ANONYMOUS;
     ^
configure:18800: $? = 0
configure:18808: result: yes
configure:18814: checking whether mmap with MAP_ANON(YMOUS) works
configure:18832: result: yes
configure:18878: checking for egrep
configure:18946: result: /usr/bin/grep -E
configure:18952: checking for memcpy
configure:18952: cc -std=gnu11 -o conftest -Wall -O0 -ffunction-sections -fdata-sections -fPIC -gdwarf-4 -fno-omit-frame-pointer -m64 -Wno-implicit-function-declaration -fexceptions   conftest.c  >&5
conftest.c:47:6: warning: conflicting types for built-in function 'memcpy' [enabled by default]
 char memcpy ();
      ^
configure:18952: $? = 0
configure:18952: result: yes
configure:18959: checking for size_t
configure:18959: cc -std=gnu11 -c -Wall -O0 -ffunction-sections -fdata-sections -fPIC -gdwarf-4 -fno-omit-frame-pointer -m64 -Wno-implicit-function-declaration -fexceptions  conftest.c >&5
configure:18959: $? = 0
configure:18959: cc -std=gnu11 -c -Wall -O0 -ffunction-sections -fdata-sections -fPIC -gdwarf-4 -fno-omit-frame-pointer -m64 -Wno-implicit-function-declaration -fexceptions  conftest.c >&5
conftest.c: In function 'main':
conftest.c:63:21: error: expected expression before ')' token
 if (sizeof ((size_t)))
                     ^
configure:18959: $? = 1
configure: failed program was:
| /* confdefs.h */
| #define PACKAGE_NAME "libffi"
| #define PACKAGE_TARNAME "libffi"
| #define PACKAGE_VERSION "3.4.4"
| #define PACKAGE_STRING "libffi 3.4.4"
| #define PACKAGE_BUGREPORT "http://github.com/libffi/libffi/issues"
| #define PACKAGE_URL ""
| #define PACKAGE "libffi"
| #define VERSION "3.4.4"
| #define HAVE_STDIO_H 1
| #define HAVE_STDLIB_H 1
| #define HAVE_STRING_H 1
| #define HAVE_INTTYPES_H 1
| #define HAVE_STDINT_H 1
| #define HAVE_STRINGS_H 1
| #define HAVE_SYS_STAT_H 1
| #define HAVE_SYS_TYPES_H 1
| #define HAVE_UNISTD_H 1
| #define STDC_HEADERS 1
| #define HAVE_DLFCN_H 1
| #define LT_OBJDIR ".libs/"
| #define SIZEOF_SIZE_T 8
| #define HAVE_SYS_MMAN_H 1
| #define HAVE_MMAP 1
| #define HAVE_MKOSTEMP 1
| #define HAVE_MKSTEMP 1
| #define HAVE_MMAP_FILE 1
| #define HAVE_MMAP_DEV_ZERO 1
| #define HAVE_MMAP_ANON 1
| #define HAVE_MEMCPY 1
| /* end confdefs.h.  */
| #include <stddef.h>
| #ifdef HAVE_STDIO_H
| # include <stdio.h>
| #endif
| #ifdef HAVE_STDLIB_H
| # include <stdlib.h>
| #endif
| #ifdef HAVE_STRING_H
| # include <string.h>
| #endif
| #ifdef HAVE_INTTYPES_H
| # include <inttypes.h>
| #endif
| #ifdef HAVE_STDINT_H
| # include <stdint.h>
| #endif
| #ifdef HAVE_STRINGS_H
| # include <strings.h>
| #endif
| #ifdef HAVE_SYS_TYPES_H
| # include <sys/types.h>
| #endif
| #ifdef HAVE_SYS_STAT_H
| # include <sys/stat.h>
| #endif
| #ifdef HAVE_UNISTD_H
| # include <unistd.h>
| #endif
| int
| main (void)
| {
| if (sizeof ((size_t)))
| 	    return 0;
|   ;
|   return 0;
| }
configure:18959: result: yes
configure:18971: checking for working alloca.h
configure:18989: cc -std=gnu11 -o conftest -Wall -O0 -ffunction-sections -fdata-sections -fPIC -gdwarf-4 -fno-omit-frame-pointer -m64 -Wno-implicit-function-declaration -fexceptions   conftest.c  >&5
configure:18989: $? = 0
configure:18998: result: yes
configure:19006: checking for alloca
configure:19051: result: yes
configure:19123: checking size of double
configure:19129: cc -std=gnu11 -o conftest -Wall -O0 -ffunction-sections -fdata-sections -fPIC -gdwarf-4 -fno-omit-frame-pointer -m64 -Wno-implicit-function-declaration -fexceptions   conftest.c  >&5
configure:19129: $? = 0
configure:19129: ./conftest
configure:19129: $? = 0
configure:19144: result: 8
configure:19156: checking size of long double
configure:19162: cc -std=gnu11 -o conftest -Wall -O0 -ffunction-sections -fdata-sections -fPIC -gdwarf-4 -fno-omit-frame-pointer -m64 -Wno-implicit-function-declaration -fexceptions   conftest.c  >&5
configure:19162: $? = 0
configure:19162: ./conftest
configure:19162: $? = 0
configure:19177: result: 16
configure:19208: checking whether byte ordering is bigendian
configure:19224: cc -std=gnu11 -c -Wall -O0 -ffunction-sections -fdata-sections -fPIC -gdwarf-4 -fno-omit-frame-pointer -m64 -Wno-implicit-function-declaration -fexceptions  conftest.c >&5
conftest.c:38:9: error: unknown type name 'not'
         not a universal capable compiler
         ^
conftest.c:38:15: error: expected '=', ',', ';', 'asm' or '__attribute__' before 'universal'
         not a universal capable compiler
               ^
conftest.c:38:15: error: unknown type name 'universal'
configure:19224: $? = 1
configure: failed program was:
| /* confdefs.h */
| #define PACKAGE_NAME "libffi"
| #define PACKAGE_TARNAME "libffi"
| #define PACKAGE_VERSION "3.4.4"
| #define PACKAGE_STRING "libffi 3.4.4"
| #define PACKAGE_BUGREPORT "http://github.com/libffi/libffi/issues"
| #define PACKAGE_URL ""
| #define PACKAGE "libffi"
| #define VERSION "3.4.4"
| #define HAVE_STDIO_H 1
| #define HAVE_STDLIB_H 1
| #define HAVE_STRING_H 1
| #define HAVE_INTTYPES_H 1
| #define HAVE_STDINT_H 1
| #define HAVE_STRINGS_H 1
| #define HAVE_SYS_STAT_H 1
| #define HAVE_SYS_TYPES_H 1
| #define HAVE_UNISTD_H 1
| #define STDC_HEADERS 1
| #define HAVE_DLFCN_H 1
| #define LT_OBJDIR ".libs/"
| #define SIZEOF_SIZE_T 8
| #define HAVE_SYS_MMAN_H 1
| #define HAVE_MMAP 1
| #define HAVE_MKOSTEMP 1
| #define HAVE_MKSTEMP 1
| #define HAVE_MMAP_FILE 1
| #define HAVE_MMAP_DEV_ZERO 1
| #define HAVE_MMAP_ANON 1
| #define HAVE_MEMCPY 1
| #define HAVE_ALLOCA_H 1
| #define HAVE_ALLOCA 1
| #define SIZEOF_DOUBLE 8
| #define SIZEOF_LONG_DOUBLE 16
| #define HAVE_LONG_DOUBLE 1
| /* end confdefs.h.  */
| #ifndef __APPLE_CC__
| 	       not a universal capable compiler
| 	     #endif
| 	     typedef int dummy;
| 
configure:19270: cc -std=gnu11 -c -Wall -O0 -ffunction-sections -fdata-sections -fPIC -gdwarf-4 -fno-omit-frame-pointer -m64 -Wno-implicit-function-declaration -fexceptions  conftest.c >&5
configure:19270: $? = 0
configure:19289: cc -std=gnu11 -c -Wall -O0 -ffunction-sections -fdata-sections -fPIC -gdwarf-4 -fno-omit-frame-pointer -m64 -Wno-implicit-function-declaration -fexceptions  conftest.c >&5
conftest.c: In function 'main':
conftest.c:44:4: error: unknown type name 'not'
    not big endian
    ^
conftest.c:44:12: error: expected '=', ',', ';', 'asm' or '__attribute__' before 'endian'
    not big endian
            ^
configure:19289: $? = 1
configure: failed program was:
| /* confdefs.h */
| #define PACKAGE_NAME "libffi"
| #define PACKAGE_TARNAME "libffi"
| #define PACKAGE_VERSION "3.4.4"
| #define PACKAGE_STRING "libffi 3.4.4"
| #define PACKAGE_BUGREPORT "http://github.com/libffi/libffi/issues"
| #define PACKAGE_URL ""
| #define PACKAGE "libffi"
| #define VERSION "3.4.4"
| #define HAVE_STDIO_H 1
| #define HAVE_STDLIB_H 1
| #define HAVE_STRING_H 1
| #define HAVE_INTTYPES_H 1
| #define HAVE_STDINT_H 1
| #define HAVE_STRINGS_H 1
| #define HAVE_SYS_STAT_H 1
| #define HAVE_SYS_TYPES_H 1
| #define HAVE_UNISTD_H 1
| #define STDC_HEADERS 1
| #define HAVE_DLFCN_H 1
| #define LT_OBJDIR ".libs/"
| #define SIZEOF_SIZE_T 8
| #define HAVE_SYS_MMAN_H 1
| #define HAVE_MMAP 1
| #define HAVE_MKOSTEMP 1
| #define HAVE_MKSTEMP 1
| #define HAVE_MMAP_FILE 1
| #define HAVE_MMAP_DEV_ZERO 1
| #define HAVE_MMAP_ANON 1
| #define HAVE_MEMCPY 1
| #define HAVE_ALLOCA_H 1
| #define HAVE_ALLOCA 1
| #define SIZEOF_DOUBLE 8
| #define SIZEOF_LONG_DOUBLE 16
| #define HAVE_LONG_DOUBLE 1
| /* end confdefs.h.  */
| #include <sys/types.h>
| 		#include <sys/param.h>
| 
| int
| main (void)
| {
| #if BYTE_ORDER != BIG_ENDIAN
| 		 not big endian
| 		#endif
| 
|   ;
|   return 0;
| }
configure:19423: result: no
configure:19442: checking assembler .cfi pseudo-op support
configure:19461: cc -std=gnu11 -c -Wall -O0 -ffunction-sections -fdata-sections -fPIC -gdwarf-4 -fno-omit-frame-pointer -m64 -Wno-implicit-function-declaration -fexceptions  conftest.c >&5
configure:19461: $? = 0
configure:19470: result: yes
configure:19561: checking assembler supports pc related relocs
configure:19575: result: yes
configure:19611: checking whether compiler supports pointer authentication
configure:19640: cc -std=gnu11 -c -Wall -O0 -ffunction-sections -fdata-sections -fPIC -gdwarf-4 -fno-omit-frame-pointer -m64 -Wno-implicit-function-declaration -fexceptions  conftest.c >&5
conftest.c: In function 'main':
conftest.c:51:3: error: #error Pointer authentication not supported
 # error Pointer authentication not supported
   ^
configure:19640: $? = 1
configure: failed program was:
| /* confdefs.h */
| #define PACKAGE_NAME "libffi"
| #define PACKAGE_TARNAME "libffi"
| #define PACKAGE_VERSION "3.4.4"
| #define PACKAGE_STRING "libffi 3.4.4"
| #define PACKAGE_BUGREPORT "http://github.com/libffi/libffi/issues"
| #define PACKAGE_URL ""
| #define PACKAGE "libffi"
| #define VERSION "3.4.4"
| #define HAVE_STDIO_H 1
| #define HAVE_STDLIB_H 1
| #define HAVE_STRING_H 1
| #define HAVE_INTTYPES_H 1
| #define HAVE_STDINT_H 1
| #define HAVE_STRINGS_H 1
| #define HAVE_SYS_STAT_H 1
| #define HAVE_SYS_TYPES_H 1
| #define HAVE_UNISTD_H 1
| #define STDC_HEADERS 1
| #define HAVE_DLFCN_H 1
| #define LT_OBJDIR ".libs/"
| #define SIZEOF_SIZE_T 8
| #define HAVE_SYS_MMAN_H 1
| #define HAVE_MMAP 1
| #define HAVE_MKOSTEMP 1
| #define HAVE_MKSTEMP 1
| #define HAVE_MMAP_FILE 1
| #define HAVE_MMAP_DEV_ZERO 1
| #define HAVE_MMAP_ANON 1
| #define HAVE_MEMCPY 1
| #define HAVE_ALLOCA_H 1
| #define HAVE_ALLOCA 1
| #define SIZEOF_DOUBLE 8
| #define SIZEOF_LONG_DOUBLE 16
| #define HAVE_LONG_DOUBLE 1
| #define HAVE_AS_CFI_PSEUDO_OP 1
| #define HAVE_AS_X86_PCREL 1
| /* end confdefs.h.  */
| 
| int
| main (void)
| {
| 
| #ifdef __clang__
| # if __has_feature(ptrauth_calls)
| #  define HAVE_PTRAUTH 1
| # endif
| #endif
| 
| #ifndef HAVE_PTRAUTH
| # error Pointer authentication not supported
| #endif
| 
|   ;
|   return 0;
| }
configure:19649: result: no
configure:19675: checking for _ prefix in compiled symbols
configure:19686: cc -std=gnu11 -c -Wall -O0 -ffunction-sections -fdata-sections -fPIC -gdwarf-4 -fno-omit-frame-pointer -m64 -Wno-implicit-function-declaration -fexceptions  conftest.c >&5
conftest.c: In function 'main':
conftest.c:2:12: warning: statement with no effect [-Wunused-value]
 int main(){nm_test_func;return 0;}
            ^
configure:19689: $? = 0
configure:19693: /usr/bin/nm -B conftest.o \| /usr/bin/sed -n -e 's/^.*[	 ]\([ABCDGIRSTW][ABCDGIRSTW]*\)[	 ][	 ]*\([_A-Za-z][_A-Za-z0-9]*\)$/\1 \2 \2/p' | /usr/bin/sed '/ __gnu_lto/d' \> conftest.nm
configure:19696: $? = 0
configure:19718: result: no
configure:19754: checking toolchain supports unwind section type
configure:19784: result: yes
configure:19794: checking whether C compiler accepts -fno-lto
configure:19814: cc -std=gnu11 -c -Wall -O0 -ffunction-sections -fdata-sections -fPIC -gdwarf-4 -fno-omit-frame-pointer -m64 -Wno-implicit-function-declaration -fexceptions  -fno-lto  conftest.c >&5
configure:19814: $? = 0
configure:19823: result: yes
configure:19833: checking whether .eh_frame section should be read-only
configure:19850: result: yes
configure:19865: checking for __attribute__((visibility("hidden")))
configure:19875: cc -std=gnu11 -Werror -S conftest.c -o conftest.s 1>&5
configure:19878: $? = 0
configure:19887: result: yes
configure:20365: versioning on shared library symbols is no
configure:20486: checking that generated files are newer than configure
configure:20492: result: done
configure:20560: creating ./config.status

## ---------------------- ##
## Running config.status. ##
## ---------------------- ##

This file was extended by libffi config.status 3.4.4, which was
generated by GNU Autoconf 2.71.  Invocation command line was

  CONFIG_FILES    = 
  CONFIG_HEADERS  = 
  CONFIG_LINKS    = 
  CONFIG_COMMANDS = 
  $ ./config.status 

on dmcvlogin2

config.status:1231: creating include/Makefile
config.status:1231: creating include/ffi.h
config.status:1231: creating Makefile
config.status:1231: creating testsuite/Makefile
config.status:1231: creating man/Makefile
config.status:1231: creating doc/Makefile
config.status:1231: creating libffi.pc
config.status:1231: creating fficonfig.h
config.status:1445: executing buildir commands
config.status:1475: create top_srcdir/Makefile guessed from local Makefile
config.status:1590: build in x86_64-unknown-linux-gnu (HOST=x86_64-unknown-linux-gnu)
config.status:1445: executing depfiles commands
config.status:1666: cd .       && sed -e '/# am--include-marker/d' Makefile         | make -f - am--depfiles
config.status:1671: $? = 0
config.status:1445: executing libtool commands
config.status:1445: executing include commands
config.status:1445: executing src commands

## ---------------- ##
## Cache variables. ##
## ---------------- ##

ac_cv_build=x86_64-pc-linux-gnu
ac_cv_c_bigendian=no
ac_cv_c_compiler_gnu=yes
ac_cv_cflags_warn_all=-Wall
ac_cv_cxx_compiler_gnu=yes
ac_cv_decl_map_anon=yes
ac_cv_env_CCASFLAGS_set=
ac_cv_env_CCASFLAGS_value=
ac_cv_env_CCAS_set=
ac_cv_env_CCAS_value=
ac_cv_env_CPPFLAGS_set=
ac_cv_env_CPPFLAGS_value=
ac_cv_env_CXXCPP_set=
ac_cv_env_CXXCPP_value=
ac_cv_env_LT_SYS_LIBRARY_PATH_set=
ac_cv_env_LT_SYS_LIBRARY_PATH_value=
ac_cv_env_build_alias_set=
ac_cv_env_build_alias_value=
ac_cv_env_host_alias_set=
ac_cv_env_host_alias_value=
ac_cv_env_target_alias_set=
ac_cv_env_target_alias_value=
ac_cv_func_alloca_works=yes
ac_cv_func_memcpy=yes
ac_cv_func_memfd_create=no
ac_cv_func_mkostemp=yes
ac_cv_func_mkstemp=yes
ac_cv_func_mmap=yes
ac_cv_func_mmap_anon=yes
ac_cv_func_mmap_dev_zero=yes
ac_cv_func_mmap_file=yes
ac_cv_header_dlfcn_h=yes
ac_cv_header_inttypes_h=yes
ac_cv_header_stdint_h=yes
ac_cv_header_stdio_h=yes
ac_cv_header_stdlib_h=yes
ac_cv_header_string_h=yes
ac_cv_header_strings_h=yes
ac_cv_header_sys_memfd_h=no
ac_cv_header_sys_mman_h=yes
ac_cv_header_sys_stat_h=yes
ac_cv_header_sys_types_h=yes
ac_cv_header_unistd_h=yes
ac_cv_host=x86_64-pc-linux-gnu
ac_cv_objext=o
ac_cv_path_EGREP='/usr/bin/grep -E'
ac_cv_path_FGREP='/usr/bin/grep -F'
ac_cv_path_GREP=/usr/bin/grep
ac_cv_path_SED=/usr/bin/sed
ac_cv_path_ax_enable_builddir_sed=sed
ac_cv_path_install='/usr/bin/install -c'
ac_cv_path_lt_DD=/usr/bin/dd
ac_cv_path_mkdir=/usr/bin/mkdir
ac_cv_prog_AWK=gawk
ac_cv_prog_CXXCPP='g++ -E'
ac_cv_prog_ac_ct_AR=ar
ac_cv_prog_ac_ct_CC=cc
ac_cv_prog_ac_ct_CXX=g++
ac_cv_prog_ac_ct_FILECMD=file
ac_cv_prog_ac_ct_OBJDUMP=objdump
ac_cv_prog_ac_ct_RANLIB=ranlib
ac_cv_prog_ac_ct_READELF=readelf
ac_cv_prog_ac_ct_STRIP=strip
ac_cv_prog_cc_c11=-std=gnu11
ac_cv_prog_cc_g=yes
ac_cv_prog_cc_stdc=-std=gnu11
ac_cv_prog_cxx_11=no
ac_cv_prog_cxx_g=yes
ac_cv_prog_cxx_stdcxx=
ac_cv_prog_make_make_set=yes
ac_cv_sizeof_double=8
ac_cv_sizeof_long_double=16
ac_cv_sizeof_size_t=8
ac_cv_target=x86_64-pc-linux-gnu
ac_cv_type_size_t=yes
ac_cv_working_alloca_h=yes
am_cv_CCAS_dependencies_compiler_type=gcc3
am_cv_CC_dependencies_compiler_type=gcc3
am_cv_CXX_dependencies_compiler_type=gcc3
am_cv_make_support_nested_variables=yes
am_cv_prog_cc_c_o=yes
ax_cv_c_compiler_vendor=gnu
ax_cv_check_cflags___fno_lto=yes
gcc_cv_as_cfi_pseudo_op=yes
libffi_cv_as_ptrauth=no
libffi_cv_as_x86_64_unwind_section_type=yes
libffi_cv_as_x86_pcrel=yes
libffi_cv_hidden_visibility_attribute=yes
libffi_cv_no_lto=-fno-lto
libffi_cv_ro_eh_frame=yes
lt_cv_ar_at_file=@
lt_cv_deplibs_check_method=pass_all
lt_cv_file_magic_cmd='$MAGIC_CMD'
lt_cv_file_magic_test_file=
lt_cv_ld_reload_flag=-r
lt_cv_nm_interface='BSD nm'
lt_cv_objdir=.libs
lt_cv_path_LD=/usr/bin/ld
lt_cv_path_LDCXX='/usr/bin/ld -m elf_x86_64'
lt_cv_path_NM='/usr/bin/nm -B'
lt_cv_path_mainfest_tool=no
lt_cv_prog_compiler_c_o=yes
lt_cv_prog_compiler_c_o_CXX=yes
lt_cv_prog_compiler_pic='-fPIC -DPIC'
lt_cv_prog_compiler_pic_CXX='-fPIC -DPIC'
lt_cv_prog_compiler_pic_works=yes
lt_cv_prog_compiler_pic_works_CXX=yes
lt_cv_prog_compiler_rtti_exceptions=no
lt_cv_prog_compiler_static_works=no
lt_cv_prog_compiler_static_works_CXX=no
lt_cv_prog_gnu_ld=yes
lt_cv_prog_gnu_ldcxx=yes
lt_cv_sharedlib_from_linklib_cmd='printf %s\n'
lt_cv_shlibpath_overrides_runpath=no
lt_cv_sys_global_symbol_pipe='/usr/bin/sed -n -e '\''s/^.*[	 ]\([ABCDGIRSTW][ABCDGIRSTW]*\)[	 ][	 ]*\([_A-Za-z][_A-Za-z0-9]*\)$/\1 \2 \2/p'\'' | /usr/bin/sed '\''/ __gnu_lto/d'\'''
lt_cv_sys_global_symbol_to_c_name_address='/usr/bin/sed -n -e '\''s/^: \(.*\) .*$/  {"\1", (void *) 0},/p'\'' -e '\''s/^[ABCDGIRSTW][ABCDGIRSTW]* .* \(.*\)$/  {"\1", (void *) \&\1},/p'\'''
lt_cv_sys_global_symbol_to_c_name_address_lib_prefix='/usr/bin/sed -n -e '\''s/^: \(.*\) .*$/  {"\1", (void *) 0},/p'\'' -e '\''s/^[ABCDGIRSTW][ABCDGIRSTW]* .* \(lib.*\)$/  {"\1", (void *) \&\1},/p'\'' -e '\''s/^[ABCDGIRSTW][ABCDGIRSTW]* .* \(.*\)$/  {"lib\1", (void *) \&\1},/p'\'''
lt_cv_sys_global_symbol_to_cdecl='/usr/bin/sed -n -e '\''s/^T .* \(.*\)$/extern int \1();/p'\'' -e '\''s/^[ABCDGIRSTW][ABCDGIRSTW]* .* \(.*\)$/extern char \1;/p'\'''
lt_cv_sys_global_symbol_to_import=
lt_cv_sys_max_cmd_len=1572864
lt_cv_sys_symbol_underscore=no
lt_cv_to_host_file_cmd=func_convert_file_noop
lt_cv_to_tool_file_cmd=func_convert_file_noop
lt_cv_truncate_bin='/usr/bin/dd bs=4096 count=1'

## ----------------- ##
## Output variables. ##
## ----------------- ##

ACLOCAL='${SHELL} '\''/mnt/beegfs/home/usaclsc0052/mzWork/Conc-Work/Homework-4/target/debug/build/libffi-sys-68e50c69dc900e67/out/libffi-build/missing'\'' aclocal-1.16'
ALLOCA=''
AMDEPBACKSLASH='\'
AMDEP_FALSE='#'
AMDEP_TRUE=''
AMTAR='$${TAR-tar}'
AM_BACKSLASH='\'
AM_DEFAULT_V='$(AM_DEFAULT_VERBOSITY)'
AM_DEFAULT_VERBOSITY='1'
AM_LTLDFLAGS=''
AM_RUNTESTFLAGS=''
AM_V='$(V)'
AR='ar'
AUTOCONF='${SHELL} '\''/mnt/beegfs/home/usaclsc0052/mzWork/Conc-Work/Homework-4/target/debug/build/libffi-sys-68e50c69dc900e67/out/libffi-build/missing'\'' autoconf'
AUTOHEADER='${SHELL} '\''/mnt/beegfs/home/usaclsc0052/mzWork/Conc-Work/Homework-4/target/debug/build/libffi-sys-68e50c69dc900e67/out/libffi-build/missing'\'' autoheader'
AUTOMAKE='${SHELL} '\''/mnt/beegfs/home/usaclsc0052/mzWork/Conc-Work/Homework-4/target/debug/build/libffi-sys-68e50c69dc900e67/out/libffi-build/missing'\'' automake-1.16'
AWK='gawk'
BUILD_DOCS_FALSE=''
BUILD_DOCS_TRUE='#'
CC='cc -std=gnu11'
CCAS='cc -std=gnu11'
CCASDEPMODE='depmode=gcc3'
CCASFLAGS='-O0 -ffunction-sections -fdata-sections -fPIC -gdwarf-4 -fno-omit-frame-pointer -m64 -Wno-implicit-function-declaration'
CCDEPMODE='depmode=gcc3'
CFLAGS='-Wall -O0 -ffunction-sections -fdata-sections -fPIC -gdwarf-4 -fno-omit-frame-pointer -m64 -Wno-implicit-function-declaration -fexceptions'
CPPFLAGS=''
CSCOPE='cscope'
CTAGS='ctags'
CXX='g++'
CXXCPP='g++ -E'
CXXDEPMODE='depmode=gcc3'
CXXFLAGS='-g -O2'
CYGPATH_W='echo'
DEFS='-DHAVE_CONFIG_H'
DEPDIR='.deps'
DLLTOOL='false'
DSYMUTIL=''
DUMPBIN=''
ECHO_C=''
ECHO_N='-n'
ECHO_T=''
EGREP='/usr/bin/grep -E'
ETAGS='etags'
EXEEXT=''
FFI_DEBUG_FALSE=''
FFI_DEBUG_TRUE='#'
FFI_EXEC_TRAMPOLINE_TABLE='0'
FFI_EXEC_TRAMPOLINE_TABLE_FALSE=''
FFI_EXEC_TRAMPOLINE_TABLE_TRUE='#'
FGREP='/usr/bin/grep -F'
FILECMD='file'
GREP='/usr/bin/grep'
HAVE_LONG_DOUBLE='1'
HAVE_LONG_DOUBLE_VARIANT='0'
INSTALL_DATA='${INSTALL} -m 644'
INSTALL_PROGRAM='${INSTALL}'
INSTALL_SCRIPT='${INSTALL}'
INSTALL_STRIP_PROGRAM='$(install_sh) -c -s'
LD='/usr/bin/ld -m elf_x86_64'
LDFLAGS=''
LIBFFI_BUILD_VERSIONED_SHLIB_FALSE=''
LIBFFI_BUILD_VERSIONED_SHLIB_GNU_FALSE=''
LIBFFI_BUILD_VERSIONED_SHLIB_GNU_TRUE='#'
LIBFFI_BUILD_VERSIONED_SHLIB_SUN_FALSE=''
LIBFFI_BUILD_VERSIONED_SHLIB_SUN_TRUE='#'
LIBFFI_BUILD_VERSIONED_SHLIB_TRUE='#'
LIBOBJS=''
LIBS=''
LIBTOOL='$(SHELL) $(top_builddir)/libtool'
LIPO=''
LN_S='ln -s'
LTLIBOBJS=''
LT_SYS_LIBRARY_PATH=''
MAINT='#'
MAINTAINER_MODE_FALSE=''
MAINTAINER_MODE_TRUE='#'
MAKEINFO='${SHELL} '\''/mnt/beegfs/home/usaclsc0052/mzWork/Conc-Work/Homework-4/target/debug/build/libffi-sys-68e50c69dc900e67/out/libffi-build/missing'\'' makeinfo'
MANIFEST_TOOL=':'
MKDIR_P='/usr/bin/mkdir -p'
NM='/usr/bin/nm -B'
NMEDIT=''
OBJDUMP='objdump'
OBJEXT='o'
OPT_LDFLAGS='-Wl,-O1 '
OTOOL64=''
OTOOL=''
PACKAGE='libffi'
PACKAGE_BUGREPORT='http://github.com/libffi/libffi/issues'
PACKAGE_NAME='libffi'
PACKAGE_STRING='libffi 3.4.4'
PACKAGE_TARNAME='libffi'
PACKAGE_URL=''
PACKAGE_VERSION='3.4.4'
PATH_SEPARATOR=':'
PRTDIAG=''
RANLIB='ranlib'
READELF='readelf'
SECTION_LDFLAGS=''
SED='/usr/bin/sed'
SET_MAKE=''
SHELL='/bin/sh'
STRIP='strip'
TARGET='X86_64'
TARGETDIR='x86'
TARGET_OBJ=' src/x86/ffi64.lo src/x86/unix64.lo src/x86/ffiw64.lo src/x86/win64.lo'
TESTSUBDIR_FALSE='#'
TESTSUBDIR_TRUE=''
VERSION='3.4.4'
ac_ct_AR='ar'
ac_ct_CC='cc'
ac_ct_CXX='g++'
ac_ct_DUMPBIN=''
am__EXEEXT_FALSE=''
am__EXEEXT_TRUE='#'
am__fastdepCCAS_FALSE='#'
am__fastdepCCAS_TRUE=''
am__fastdepCC_FALSE='#'
am__fastdepCC_TRUE=''
am__fastdepCXX_FALSE='#'
am__fastdepCXX_TRUE=''
am__include='include'
am__isrc=' -I$(srcdir)'
am__leading_dot='.'
am__nodep='_no'
am__quote=''
am__tar='$${TAR-tar} chof - "$$tardir"'
am__untar='$${TAR-tar} xf -'
ax_enable_builddir_sed='sed'
bindir='${exec_prefix}/bin'
build='x86_64-pc-linux-gnu'
build_alias=''
build_cpu='x86_64'
build_os='linux-gnu'
build_vendor='pc'
datadir='${datarootdir}'
datarootdir='${prefix}/share'
docdir='${datarootdir}/doc/${PACKAGE_TARNAME}'
dvidir='${docdir}'
exec_prefix='${prefix}'
host='x86_64-pc-linux-gnu'
host_alias=''
host_cpu='x86_64'
host_os='linux-gnu'
host_vendor='pc'
htmldir='${docdir}'
includedir='${prefix}/include'
infodir='${datarootdir}/info'
install_sh='${SHELL} /mnt/beegfs/home/usaclsc0052/mzWork/Conc-Work/Homework-4/target/debug/build/libffi-sys-68e50c69dc900e67/out/libffi-build/install-sh'
libdir='${exec_prefix}/lib'
libexecdir='${exec_prefix}/libexec'
localedir='${datarootdir}/locale'
localstatedir='${prefix}/var'
mandir='${datarootdir}/man'
mkdir_p='$(MKDIR_P)'
oldincludedir='/usr/include'
pdfdir='${docdir}'
prefix='/mnt/beegfs/home/usaclsc0052/mzWork/Conc-Work/Homework-4/target/debug/build/libffi-sys-68e50c69dc900e67/out/libffi-root'
program_transform_name='s,x,x,'
psdir='${docdir}'
runstatedir='${localstatedir}/run'
sbindir='${exec_prefix}/sbin'
sharedstatedir='${prefix}/com'
sys_symbol_underscore='no'
sysconfdir='${prefix}/etc'
target='x86_64-pc-linux-gnu'
target_alias=''
target_cpu='x86_64'
target_os='linux-gnu'
target_vendor='pc'
tmake_file=''
toolexecdir='${libdir}/gcc-lib/$(target_alias)'
toolexeclibdir='${libdir}/../lib64'

## ----------- ##
## confdefs.h. ##
## ----------- ##

/* confdefs.h */
#define PACKAGE_NAME "libffi"
#define PACKAGE_TARNAME "libffi"
#define PACKAGE_VERSION "3.4.4"
#define PACKAGE_STRING "libffi 3.4.4"
#define PACKAGE_BUGREPORT "http://github.com/libffi/libffi/issues"
#define PACKAGE_URL ""
#define PACKAGE "libffi"
#define VERSION "3.4.4"
#define HAVE_STDIO_H 1
#define HAVE_STDLIB_H 1
#define HAVE_STRING_H 1
#define HAVE_INTTYPES_H 1
#define HAVE_STDINT_H 1
#define HAVE_STRINGS_H 1
#define HAVE_SYS_STAT_H 1
#define HAVE_SYS_TYPES_H 1
#define HAVE_UNISTD_H 1
#define STDC_HEADERS 1
#define HAVE_DLFCN_H 1
#define LT_OBJDIR ".libs/"
#define SIZEOF_SIZE_T 8
#define HAVE_SYS_MMAN_H 1
#define HAVE_MMAP 1
#define HAVE_MKOSTEMP 1
#define HAVE_MKSTEMP 1
#define HAVE_MMAP_FILE 1
#define HAVE_MMAP_DEV_ZERO 1
#define HAVE_MMAP_ANON 1
#define HAVE_MEMCPY 1
#define HAVE_ALLOCA_H 1
#define HAVE_ALLOCA 1
#define SIZEOF_DOUBLE 8
#define SIZEOF_LONG_DOUBLE 16
#define HAVE_LONG_DOUBLE 1
#define HAVE_AS_CFI_PSEUDO_OP 1
#define HAVE_AS_X86_PCREL 1
#define HAVE_AS_X86_64_UNWIND_SECTION_TYPE 1
#define HAVE_RO_EH_FRAME 1
#define EH_FRAME_FLAGS "a"
#define HAVE_HIDDEN_VISIBILITY_ATTRIBUTE 1
#define FFI_EXEC_STATIC_TRAMP 1

configure: exit 0
